{"/home/luke/Documents/vpntrafficanalysis/frontend/src/components/devices/AddDevice.jsx":{"path":"/home/luke/Documents/vpntrafficanalysis/frontend/src/components/devices/AddDevice.jsx","statementMap":{"0":{"start":{"line":3,"column":0},"end":{"line":5,"column":3}},"1":{"start":{"line":6,"column":0},"end":{"line":6,"column":25}},"2":{"start":{"line":8,"column":13},"end":{"line":8,"column":54}},"3":{"start":{"line":10,"column":13},"end":{"line":10,"column":53}},"4":{"start":{"line":12,"column":18},"end":{"line":12,"column":41}},"5":{"start":{"line":14,"column":22},"end":{"line":14,"column":49}},"6":{"start":{"line":16,"column":22},"end":{"line":16,"column":81}},"7":{"start":{"line":18,"column":20},"end":{"line":18,"column":81}},"8":{"start":{"line":20,"column":39},"end":{"line":20,"column":93}},"9":{"start":{"line":22,"column":40},"end":{"line":22,"column":470}},"10":{"start":{"line":22,"column":69},"end":{"line":22,"column":80}},"11":{"start":{"line":22,"column":103},"end":{"line":22,"column":105}},"12":{"start":{"line":22,"column":107},"end":{"line":22,"column":431}},"13":{"start":{"line":22,"column":126},"end":{"line":22,"column":429}},"14":{"start":{"line":22,"column":149},"end":{"line":22,"column":427}},"15":{"start":{"line":22,"column":214},"end":{"line":22,"column":319}},"16":{"start":{"line":22,"column":321},"end":{"line":22,"column":425}},"17":{"start":{"line":22,"column":349},"end":{"line":22,"column":390}},"18":{"start":{"line":22,"column":400},"end":{"line":22,"column":423}},"19":{"start":{"line":22,"column":432},"end":{"line":22,"column":453}},"20":{"start":{"line":22,"column":454},"end":{"line":22,"column":468}},"21":{"start":{"line":24,"column":77},"end":{"line":24,"column":175}},"22":{"start":{"line":24,"column":94},"end":{"line":24,"column":107}},"23":{"start":{"line":24,"column":121},"end":{"line":24,"column":131}},"24":{"start":{"line":24,"column":151},"end":{"line":24,"column":165}},"25":{"start":{"line":24,"column":166},"end":{"line":24,"column":173}},"26":{"start":{"line":24,"column":176},"end":{"line":24,"column":263}},"27":{"start":{"line":24,"column":193},"end":{"line":24,"column":208}},"28":{"start":{"line":24,"column":218},"end":{"line":24,"column":261}},"29":{"start":{"line":26,"column":33},"end":{"line":26,"column":387}},"30":{"start":{"line":26,"column":65},"end":{"line":26,"column":69}},"31":{"start":{"line":26,"column":78},"end":{"line":26,"column":87}},"32":{"start":{"line":26,"column":89},"end":{"line":26,"column":384}},"33":{"start":{"line":26,"column":147},"end":{"line":26,"column":167}},"34":{"start":{"line":26,"column":193},"end":{"line":26,"column":264}},"35":{"start":{"line":26,"column":290},"end":{"line":26,"column":360}},"36":{"start":{"line":26,"column":363},"end":{"line":26,"column":380}},"37":{"start":{"line":28,"column":33},"end":{"line":28,"column":464}},"38":{"start":{"line":28,"column":46},"end":{"line":28,"column":47}},"39":{"start":{"line":28,"column":91},"end":{"line":28,"column":131}},"40":{"start":{"line":28,"column":147},"end":{"line":28,"column":166}},"41":{"start":{"line":28,"column":168},"end":{"line":28,"column":382}},"42":{"start":{"line":28,"column":226},"end":{"line":28,"column":380}},"43":{"start":{"line":28,"column":312},"end":{"line":28,"column":375}},"44":{"start":{"line":28,"column":383},"end":{"line":28,"column":462}},"45":{"start":{"line":28,"column":416},"end":{"line":28,"column":458}},"46":{"start":{"line":28,"column":465},"end":{"line":28,"column":479}},"47":{"start":{"line":30,"column":44},"end":{"line":30,"column":195}},"48":{"start":{"line":30,"column":62},"end":{"line":30,"column":166}},"49":{"start":{"line":30,"column":176},"end":{"line":30,"column":193}},"50":{"start":{"line":30,"column":196},"end":{"line":30,"column":207}},"51":{"start":{"line":32,"column":34},"end":{"line":32,"column":117}},"52":{"start":{"line":34,"column":30},"end":{"line":34,"column":106}},"53":{"start":{"line":36,"column":52},"end":{"line":36,"column":54}},"54":{"start":{"line":36,"column":65},"end":{"line":36,"column":69}},"55":{"start":{"line":36,"column":80},"end":{"line":36,"column":85}},"56":{"start":{"line":36,"column":96},"end":{"line":36,"column":105}},"57":{"start":{"line":36,"column":107},"end":{"line":36,"column":394}},"58":{"start":{"line":36,"column":113},"end":{"line":36,"column":256}},"59":{"start":{"line":36,"column":127},"end":{"line":36,"column":149}},"60":{"start":{"line":36,"column":199},"end":{"line":36,"column":219}},"61":{"start":{"line":36,"column":220},"end":{"line":36,"column":254}},"62":{"start":{"line":36,"column":248},"end":{"line":36,"column":254}},"63":{"start":{"line":36,"column":273},"end":{"line":36,"column":283}},"64":{"start":{"line":36,"column":284},"end":{"line":36,"column":293}},"65":{"start":{"line":36,"column":306},"end":{"line":36,"column":392}},"66":{"start":{"line":36,"column":312},"end":{"line":36,"column":360}},"67":{"start":{"line":36,"column":345},"end":{"line":36,"column":360}},"68":{"start":{"line":36,"column":373},"end":{"line":36,"column":390}},"69":{"start":{"line":36,"column":381},"end":{"line":36,"column":390}},"70":{"start":{"line":36,"column":395},"end":{"line":36,"column":407}},"71":{"start":{"line":38,"column":32},"end":{"line":38,"column":67}},"72":{"start":{"line":38,"column":56},"end":{"line":38,"column":67}},"73":{"start":{"line":40,"column":16},"end":{"line":282,"column":1}},"74":{"start":{"line":41,"column":15},"end":{"line":41,"column":45}},"75":{"start":{"line":42,"column":19},"end":{"line":42,"column":49}},"76":{"start":{"line":43,"column":18},"end":{"line":43,"column":48}},"77":{"start":{"line":44,"column":14},"end":{"line":44,"column":44}},"78":{"start":{"line":46,"column":18},"end":{"line":46,"column":42}},"79":{"start":{"line":47,"column":19},"end":{"line":47,"column":47}},"80":{"start":{"line":48,"column":15},"end":{"line":48,"column":28}},"81":{"start":{"line":49,"column":18},"end":{"line":49,"column":31}},"82":{"start":{"line":51,"column":19},"end":{"line":56,"column":4}},"83":{"start":{"line":57,"column":19},"end":{"line":57,"column":48}},"84":{"start":{"line":58,"column":19},"end":{"line":58,"column":32}},"85":{"start":{"line":59,"column":22},"end":{"line":59,"column":35}},"86":{"start":{"line":61,"column":19},"end":{"line":61,"column":43}},"87":{"start":{"line":62,"column":19},"end":{"line":62,"column":48}},"88":{"start":{"line":63,"column":15},"end":{"line":63,"column":28}},"89":{"start":{"line":64,"column":18},"end":{"line":64,"column":31}},"90":{"start":{"line":66,"column":19},"end":{"line":66,"column":46}},"91":{"start":{"line":67,"column":19},"end":{"line":67,"column":48}},"92":{"start":{"line":68,"column":20},"end":{"line":68,"column":33}},"93":{"start":{"line":69,"column":23},"end":{"line":69,"column":36}},"94":{"start":{"line":71,"column":18},"end":{"line":71,"column":42}},"95":{"start":{"line":72,"column":2},"end":{"line":80,"column":9}},"96":{"start":{"line":73,"column":4},"end":{"line":79,"column":7}},"97":{"start":{"line":74,"column":6},"end":{"line":74,"column":37}},"98":{"start":{"line":76,"column":6},"end":{"line":78,"column":10}},"99":{"start":{"line":84,"column":2},"end":{"line":141,"column":5}},"100":{"start":{"line":85,"column":15},"end":{"line":136,"column":7}},"101":{"start":{"line":89,"column":6},"end":{"line":135,"column":18}},"102":{"start":{"line":90,"column":8},"end":{"line":134,"column":9}},"103":{"start":{"line":91,"column":10},"end":{"line":133,"column":11}},"104":{"start":{"line":93,"column":14},"end":{"line":93,"column":33}},"105":{"start":{"line":94,"column":14},"end":{"line":94,"column":26}},"106":{"start":{"line":96,"column":14},"end":{"line":98,"column":15}},"107":{"start":{"line":97,"column":16},"end":{"line":97,"column":59}},"108":{"start":{"line":100,"column":14},"end":{"line":102,"column":15}},"109":{"start":{"line":101,"column":16},"end":{"line":101,"column":62}},"110":{"start":{"line":104,"column":14},"end":{"line":106,"column":15}},"111":{"start":{"line":105,"column":16},"end":{"line":105,"column":60}},"112":{"start":{"line":108,"column":14},"end":{"line":110,"column":15}},"113":{"start":{"line":109,"column":16},"end":{"line":109,"column":52}},"114":{"start":{"line":112,"column":14},"end":{"line":112,"column":32}},"115":{"start":{"line":114,"column":14},"end":{"line":117,"column":15}},"116":{"start":{"line":115,"column":16},"end":{"line":115,"column":35}},"117":{"start":{"line":116,"column":16},"end":{"line":116,"column":22}},"118":{"start":{"line":119,"column":14},"end":{"line":119,"column":33}},"119":{"start":{"line":120,"column":14},"end":{"line":120,"column":33}},"120":{"start":{"line":123,"column":14},"end":{"line":123,"column":33}},"121":{"start":{"line":124,"column":14},"end":{"line":128,"column":17}},"122":{"start":{"line":132,"column":14},"end":{"line":132,"column":37}},"123":{"start":{"line":138,"column":4},"end":{"line":140,"column":6}},"124":{"start":{"line":139,"column":6},"end":{"line":139,"column":41}},"125":{"start":{"line":155,"column":24},"end":{"line":167,"column":3}},"126":{"start":{"line":156,"column":15},"end":{"line":156,"column":29}},"127":{"start":{"line":158,"column":4},"end":{"line":166,"column":5}},"128":{"start":{"line":159,"column":6},"end":{"line":159,"column":20}},"129":{"start":{"line":160,"column":6},"end":{"line":160,"column":35}},"130":{"start":{"line":162,"column":6},"end":{"line":162,"column":44}},"131":{"start":{"line":163,"column":6},"end":{"line":165,"column":15}},"132":{"start":{"line":164,"column":8},"end":{"line":164,"column":27}},"133":{"start":{"line":171,"column":2},"end":{"line":194,"column":5}},"134":{"start":{"line":172,"column":16},"end":{"line":189,"column":7}},"135":{"start":{"line":176,"column":6},"end":{"line":188,"column":19}},"136":{"start":{"line":177,"column":8},"end":{"line":187,"column":9}},"137":{"start":{"line":178,"column":10},"end":{"line":186,"column":11}},"138":{"start":{"line":180,"column":14},"end":{"line":180,"column":308}},"139":{"start":{"line":181,"column":14},"end":{"line":181,"column":32}},"140":{"start":{"line":185,"column":14},"end":{"line":185,"column":38}},"141":{"start":{"line":191,"column":4},"end":{"line":193,"column":6}},"142":{"start":{"line":192,"column":6},"end":{"line":192,"column":42}},"143":{"start":{"line":196,"column":22},"end":{"line":234,"column":26}},"144":{"start":{"line":235,"column":2},"end":{"line":281,"column":17}},"145":{"start":{"line":284,"column":15},"end":{"line":284,"column":24}},"146":{"start":{"line":285,"column":0},"end":{"line":285,"column":27}}},"fnMap":{"0":{"name":"_interopRequireDefault","decl":{"start":{"line":20,"column":9},"end":{"line":20,"column":31}},"loc":{"start":{"line":20,"column":37},"end":{"line":20,"column":95}},"line":20},"1":{"name":"_interopRequireWildcard","decl":{"start":{"line":22,"column":9},"end":{"line":22,"column":32}},"loc":{"start":{"line":22,"column":38},"end":{"line":22,"column":472}},"line":22},"2":{"name":"asyncGeneratorStep","decl":{"start":{"line":24,"column":9},"end":{"line":24,"column":27}},"loc":{"start":{"line":24,"column":75},"end":{"line":24,"column":265}},"line":24},"3":{"name":"_asyncToGenerator","decl":{"start":{"line":26,"column":9},"end":{"line":26,"column":26}},"loc":{"start":{"line":26,"column":31},"end":{"line":26,"column":389}},"line":26},"4":{"name":"(anonymous_4)","decl":{"start":{"line":26,"column":40},"end":{"line":26,"column":41}},"loc":{"start":{"line":26,"column":52},"end":{"line":26,"column":386}},"line":26},"5":{"name":"(anonymous_5)","decl":{"start":{"line":26,"column":108},"end":{"line":26,"column":109}},"loc":{"start":{"line":26,"column":135},"end":{"line":26,"column":382}},"line":26},"6":{"name":"_next","decl":{"start":{"line":26,"column":178},"end":{"line":26,"column":183}},"loc":{"start":{"line":26,"column":191},"end":{"line":26,"column":266}},"line":26},"7":{"name":"_throw","decl":{"start":{"line":26,"column":276},"end":{"line":26,"column":282}},"loc":{"start":{"line":26,"column":288},"end":{"line":26,"column":362}},"line":26},"8":{"name":"_objectSpread","decl":{"start":{"line":28,"column":9},"end":{"line":28,"column":22}},"loc":{"start":{"line":28,"column":31},"end":{"line":28,"column":481}},"line":28},"9":{"name":"(anonymous_9)","decl":{"start":{"line":28,"column":295},"end":{"line":28,"column":296}},"loc":{"start":{"line":28,"column":310},"end":{"line":28,"column":377}},"line":28},"10":{"name":"(anonymous_10)","decl":{"start":{"line":28,"column":399},"end":{"line":28,"column":400}},"loc":{"start":{"line":28,"column":414},"end":{"line":28,"column":460}},"line":28},"11":{"name":"_defineProperty","decl":{"start":{"line":30,"column":9},"end":{"line":30,"column":24}},"loc":{"start":{"line":30,"column":42},"end":{"line":30,"column":209}},"line":30},"12":{"name":"_slicedToArray","decl":{"start":{"line":32,"column":9},"end":{"line":32,"column":23}},"loc":{"start":{"line":32,"column":32},"end":{"line":32,"column":119}},"line":32},"13":{"name":"_nonIterableRest","decl":{"start":{"line":34,"column":9},"end":{"line":34,"column":25}},"loc":{"start":{"line":34,"column":28},"end":{"line":34,"column":108}},"line":34},"14":{"name":"_iterableToArrayLimit","decl":{"start":{"line":36,"column":9},"end":{"line":36,"column":30}},"loc":{"start":{"line":36,"column":39},"end":{"line":36,"column":409}},"line":36},"15":{"name":"_arrayWithHoles","decl":{"start":{"line":38,"column":9},"end":{"line":38,"column":24}},"loc":{"start":{"line":38,"column":30},"end":{"line":38,"column":69}},"line":38},"16":{"name":"AddDevice","decl":{"start":{"line":40,"column":25},"end":{"line":40,"column":34}},"loc":{"start":{"line":40,"column":37},"end":{"line":282,"column":1}},"line":40},"17":{"name":"(anonymous_17)","decl":{"start":{"line":72,"column":24},"end":{"line":72,"column":25}},"loc":{"start":{"line":72,"column":36},"end":{"line":80,"column":3}},"line":72},"18":{"name":"(anonymous_18)","decl":{"start":{"line":73,"column":43},"end":{"line":73,"column":44}},"loc":{"start":{"line":73,"column":58},"end":{"line":75,"column":5}},"line":73},"19":{"name":"(anonymous_19)","decl":{"start":{"line":75,"column":13},"end":{"line":75,"column":14}},"loc":{"start":{"line":75,"column":28},"end":{"line":79,"column":5}},"line":75},"20":{"name":"(anonymous_20)","decl":{"start":{"line":84,"column":2},"end":{"line":84,"column":3}},"loc":{"start":{"line":84,"column":14},"end":{"line":141,"column":3}},"line":84},"21":{"name":"_callee","decl":{"start":{"line":87,"column":37},"end":{"line":87,"column":44}},"loc":{"start":{"line":87,"column":48},"end":{"line":136,"column":5}},"line":87},"22":{"name":"_callee$","decl":{"start":{"line":89,"column":46},"end":{"line":89,"column":54}},"loc":{"start":{"line":89,"column":65},"end":{"line":135,"column":7}},"line":89},"23":{"name":"onSubmit","decl":{"start":{"line":138,"column":20},"end":{"line":138,"column":28}},"loc":{"start":{"line":138,"column":33},"end":{"line":140,"column":5}},"line":138},"24":{"name":"copyToClipboard","decl":{"start":{"line":155,"column":33},"end":{"line":155,"column":48}},"loc":{"start":{"line":155,"column":52},"end":{"line":167,"column":3}},"line":155},"25":{"name":"(anonymous_25)","decl":{"start":{"line":163,"column":17},"end":{"line":163,"column":18}},"loc":{"start":{"line":163,"column":29},"end":{"line":165,"column":7}},"line":163},"26":{"name":"(anonymous_26)","decl":{"start":{"line":171,"column":2},"end":{"line":171,"column":3}},"loc":{"start":{"line":171,"column":14},"end":{"line":194,"column":3}},"line":171},"27":{"name":"_callee2","decl":{"start":{"line":174,"column":37},"end":{"line":174,"column":45}},"loc":{"start":{"line":174,"column":48},"end":{"line":189,"column":5}},"line":174},"28":{"name":"_callee2$","decl":{"start":{"line":176,"column":46},"end":{"line":176,"column":55}},"loc":{"start":{"line":176,"column":67},"end":{"line":188,"column":7}},"line":176},"29":{"name":"genConfig","decl":{"start":{"line":191,"column":20},"end":{"line":191,"column":29}},"loc":{"start":{"line":191,"column":32},"end":{"line":193,"column":5}},"line":191}},"branchMap":{"0":{"loc":{"start":{"line":20,"column":46},"end":{"line":20,"column":92}},"type":"cond-expr","locations":[{"start":{"line":20,"column":70},"end":{"line":20,"column":73}},{"start":{"line":20,"column":76},"end":{"line":20,"column":92}}],"line":20},"1":{"loc":{"start":{"line":20,"column":46},"end":{"line":20,"column":67}},"type":"binary-expr","locations":[{"start":{"line":20,"column":46},"end":{"line":20,"column":49}},{"start":{"line":20,"column":53},"end":{"line":20,"column":67}}],"line":20},"2":{"loc":{"start":{"line":22,"column":40},"end":{"line":22,"column":470}},"type":"if","locations":[{"start":{"line":22,"column":40},"end":{"line":22,"column":470}},{"start":{"line":22,"column":40},"end":{"line":22,"column":470}}],"line":22},"3":{"loc":{"start":{"line":22,"column":44},"end":{"line":22,"column":65}},"type":"binary-expr","locations":[{"start":{"line":22,"column":44},"end":{"line":22,"column":47}},{"start":{"line":22,"column":51},"end":{"line":22,"column":65}}],"line":22},"4":{"loc":{"start":{"line":22,"column":107},"end":{"line":22,"column":431}},"type":"if","locations":[{"start":{"line":22,"column":107},"end":{"line":22,"column":431}},{"start":{"line":22,"column":107},"end":{"line":22,"column":431}}],"line":22},"5":{"loc":{"start":{"line":22,"column":149},"end":{"line":22,"column":427}},"type":"if","locations":[{"start":{"line":22,"column":149},"end":{"line":22,"column":427}},{"start":{"line":22,"column":149},"end":{"line":22,"column":427}}],"line":22},"6":{"loc":{"start":{"line":22,"column":214},"end":{"line":22,"column":319}},"type":"cond-expr","locations":[{"start":{"line":22,"column":273},"end":{"line":22,"column":314}},{"start":{"line":22,"column":317},"end":{"line":22,"column":319}}],"line":22},"7":{"loc":{"start":{"line":22,"column":214},"end":{"line":22,"column":270}},"type":"binary-expr","locations":[{"start":{"line":22,"column":214},"end":{"line":22,"column":235}},{"start":{"line":22,"column":239},"end":{"line":22,"column":270}}],"line":22},"8":{"loc":{"start":{"line":22,"column":321},"end":{"line":22,"column":425}},"type":"if","locations":[{"start":{"line":22,"column":321},"end":{"line":22,"column":425}},{"start":{"line":22,"column":321},"end":{"line":22,"column":425}}],"line":22},"9":{"loc":{"start":{"line":22,"column":325},"end":{"line":22,"column":345}},"type":"binary-expr","locations":[{"start":{"line":22,"column":325},"end":{"line":22,"column":333}},{"start":{"line":22,"column":337},"end":{"line":22,"column":345}}],"line":22},"10":{"loc":{"start":{"line":24,"column":176},"end":{"line":24,"column":263}},"type":"if","locations":[{"start":{"line":24,"column":176},"end":{"line":24,"column":263}},{"start":{"line":24,"column":176},"end":{"line":24,"column":263}}],"line":24},"11":{"loc":{"start":{"line":28,"column":91},"end":{"line":28,"column":131}},"type":"cond-expr","locations":[{"start":{"line":28,"column":114},"end":{"line":28,"column":126}},{"start":{"line":28,"column":129},"end":{"line":28,"column":131}}],"line":28},"12":{"loc":{"start":{"line":28,"column":168},"end":{"line":28,"column":382}},"type":"if","locations":[{"start":{"line":28,"column":168},"end":{"line":28,"column":382}},{"start":{"line":28,"column":168},"end":{"line":28,"column":382}}],"line":28},"13":{"loc":{"start":{"line":30,"column":44},"end":{"line":30,"column":195}},"type":"if","locations":[{"start":{"line":30,"column":44},"end":{"line":30,"column":195}},{"start":{"line":30,"column":44},"end":{"line":30,"column":195}}],"line":30},"14":{"loc":{"start":{"line":32,"column":41},"end":{"line":32,"column":116}},"type":"binary-expr","locations":[{"start":{"line":32,"column":41},"end":{"line":32,"column":61}},{"start":{"line":32,"column":65},"end":{"line":32,"column":94}},{"start":{"line":32,"column":98},"end":{"line":32,"column":116}}],"line":32},"15":{"loc":{"start":{"line":36,"column":220},"end":{"line":36,"column":254}},"type":"if","locations":[{"start":{"line":36,"column":220},"end":{"line":36,"column":254}},{"start":{"line":36,"column":220},"end":{"line":36,"column":254}}],"line":36},"16":{"loc":{"start":{"line":36,"column":224},"end":{"line":36,"column":246}},"type":"binary-expr","locations":[{"start":{"line":36,"column":224},"end":{"line":36,"column":225}},{"start":{"line":36,"column":229},"end":{"line":36,"column":246}}],"line":36},"17":{"loc":{"start":{"line":36,"column":312},"end":{"line":36,"column":360}},"type":"if","locations":[{"start":{"line":36,"column":312},"end":{"line":36,"column":360}},{"start":{"line":36,"column":312},"end":{"line":36,"column":360}}],"line":36},"18":{"loc":{"start":{"line":36,"column":316},"end":{"line":36,"column":343}},"type":"binary-expr","locations":[{"start":{"line":36,"column":316},"end":{"line":36,"column":319}},{"start":{"line":36,"column":323},"end":{"line":36,"column":343}}],"line":36},"19":{"loc":{"start":{"line":36,"column":373},"end":{"line":36,"column":390}},"type":"if","locations":[{"start":{"line":36,"column":373},"end":{"line":36,"column":390}},{"start":{"line":36,"column":373},"end":{"line":36,"column":390}}],"line":36},"20":{"loc":{"start":{"line":38,"column":32},"end":{"line":38,"column":67}},"type":"if","locations":[{"start":{"line":38,"column":32},"end":{"line":38,"column":67}},{"start":{"line":38,"column":32},"end":{"line":38,"column":67}}],"line":38},"21":{"loc":{"start":{"line":91,"column":10},"end":{"line":133,"column":11}},"type":"switch","locations":[{"start":{"line":92,"column":12},"end":{"line":120,"column":33}},{"start":{"line":122,"column":12},"end":{"line":128,"column":17}},{"start":{"line":130,"column":12},"end":{"line":130,"column":20}},{"start":{"line":131,"column":12},"end":{"line":132,"column":37}}],"line":91},"22":{"loc":{"start":{"line":96,"column":14},"end":{"line":98,"column":15}},"type":"if","locations":[{"start":{"line":96,"column":14},"end":{"line":98,"column":15}},{"start":{"line":96,"column":14},"end":{"line":98,"column":15}}],"line":96},"23":{"loc":{"start":{"line":100,"column":14},"end":{"line":102,"column":15}},"type":"if","locations":[{"start":{"line":100,"column":14},"end":{"line":102,"column":15}},{"start":{"line":100,"column":14},"end":{"line":102,"column":15}}],"line":100},"24":{"loc":{"start":{"line":104,"column":14},"end":{"line":106,"column":15}},"type":"if","locations":[{"start":{"line":104,"column":14},"end":{"line":106,"column":15}},{"start":{"line":104,"column":14},"end":{"line":106,"column":15}}],"line":104},"25":{"loc":{"start":{"line":108,"column":14},"end":{"line":110,"column":15}},"type":"if","locations":[{"start":{"line":108,"column":14},"end":{"line":110,"column":15}},{"start":{"line":108,"column":14},"end":{"line":110,"column":15}}],"line":108},"26":{"loc":{"start":{"line":114,"column":14},"end":{"line":117,"column":15}},"type":"if","locations":[{"start":{"line":114,"column":14},"end":{"line":117,"column":15}},{"start":{"line":114,"column":14},"end":{"line":117,"column":15}}],"line":114},"27":{"loc":{"start":{"line":114,"column":20},"end":{"line":114,"column":88}},"type":"binary-expr","locations":[{"start":{"line":114,"column":20},"end":{"line":114,"column":55}},{"start":{"line":114,"column":59},"end":{"line":114,"column":88}}],"line":114},"28":{"loc":{"start":{"line":158,"column":4},"end":{"line":166,"column":5}},"type":"if","locations":[{"start":{"line":158,"column":4},"end":{"line":166,"column":5}},{"start":{"line":158,"column":4},"end":{"line":166,"column":5}}],"line":158},"29":{"loc":{"start":{"line":178,"column":10},"end":{"line":186,"column":11}},"type":"switch","locations":[{"start":{"line":179,"column":12},"end":{"line":181,"column":32}},{"start":{"line":183,"column":12},"end":{"line":183,"column":19}},{"start":{"line":184,"column":12},"end":{"line":185,"column":38}}],"line":178},"30":{"loc":{"start":{"line":196,"column":22},"end":{"line":234,"column":26}},"type":"cond-expr","locations":[{"start":{"line":196,"column":42},"end":{"line":234,"column":21}},{"start":{"line":234,"column":24},"end":{"line":234,"column":26}}],"line":196},"31":{"loc":{"start":{"line":212,"column":48},"end":{"line":220,"column":18}},"type":"binary-expr","locations":[{"start":{"line":212,"column":48},"end":{"line":212,"column":86}},{"start":{"line":212,"column":90},"end":{"line":220,"column":18}}],"line":212},"32":{"loc":{"start":{"line":244,"column":20},"end":{"line":246,"column":28}},"type":"cond-expr","locations":[{"start":{"line":244,"column":40},"end":{"line":246,"column":23}},{"start":{"line":246,"column":26},"end":{"line":246,"column":28}}],"line":244}},"s":{"0":1,"1":1,"2":1,"3":1,"4":1,"5":1,"6":1,"7":1,"8":3,"9":1,"10":0,"11":1,"12":1,"13":1,"14":29,"15":29,"16":29,"17":0,"18":29,"19":1,"20":1,"21":0,"22":0,"23":0,"24":0,"25":0,"26":0,"27":0,"28":0,"29":4,"30":0,"31":0,"32":0,"33":0,"34":0,"35":0,"36":0,"37":0,"38":0,"39":0,"40":0,"41":0,"42":0,"43":0,"44":0,"45":0,"46":0,"47":0,"48":0,"49":0,"50":0,"51":8,"52":0,"53":0,"54":0,"55":0,"56":0,"57":0,"58":0,"59":0,"60":0,"61":0,"62":0,"63":0,"64":0,"65":0,"66":0,"67":0,"68":0,"69":0,"70":0,"71":8,"72":8,"73":1,"74":2,"75":2,"76":2,"77":2,"78":2,"79":2,"80":2,"81":2,"82":2,"83":2,"84":2,"85":2,"86":2,"87":2,"88":2,"89":2,"90":2,"91":2,"92":2,"93":2,"94":2,"95":2,"96":0,"97":0,"98":0,"99":2,"100":2,"101":0,"102":0,"103":0,"104":0,"105":0,"106":0,"107":0,"108":0,"109":0,"110":0,"111":0,"112":0,"113":0,"114":0,"115":0,"116":0,"117":0,"118":0,"119":0,"120":0,"121":0,"122":0,"123":2,"124":0,"125":2,"126":0,"127":0,"128":0,"129":0,"130":0,"131":0,"132":0,"133":2,"134":2,"135":0,"136":0,"137":0,"138":0,"139":0,"140":0,"141":2,"142":0,"143":2,"144":2,"145":1,"146":1},"f":{"0":3,"1":1,"2":0,"3":4,"4":0,"5":0,"6":0,"7":0,"8":0,"9":0,"10":0,"11":0,"12":8,"13":0,"14":0,"15":8,"16":2,"17":0,"18":0,"19":0,"20":2,"21":0,"22":0,"23":0,"24":0,"25":0,"26":2,"27":0,"28":0,"29":0},"b":{"0":[2,1],"1":[3,3],"2":[0,1],"3":[1,1],"4":[1,0],"5":[29,0],"6":[29,0],"7":[29,29],"8":[0,29],"9":[29,29],"10":[0,0],"11":[0,0],"12":[0,0],"13":[0,0],"14":[8,0,0],"15":[0,0],"16":[0,0],"17":[0,0],"18":[0,0],"19":[0,0],"20":[8,0],"21":[0,0,0,0],"22":[0,0],"23":[0,0],"24":[0,0],"25":[0,0],"26":[0,0],"27":[0,0],"28":[0,0],"29":[0,0,0],"30":[0,2],"31":[0,0],"32":[0,2]},"_coverageSchema":"43e27e138ebf9cfc5966b082cf9a028302ed4184","hash":"72da918667a68fb3fbbf47869501c4091e7f2fda","contentHash":"caf65f57cc81a0d41707c945d25bb4d558f8d4444c73ad7015fd4aebe1a8d686"},"/home/luke/Documents/vpntrafficanalysis/frontend/src/components/common/FormInputGroup.jsx":{"path":"/home/luke/Documents/vpntrafficanalysis/frontend/src/components/common/FormInputGroup.jsx","statementMap":{"0":{"start":{"line":3,"column":0},"end":{"line":5,"column":3}},"1":{"start":{"line":6,"column":0},"end":{"line":6,"column":25}},"2":{"start":{"line":8,"column":13},"end":{"line":8,"column":53}},"3":{"start":{"line":10,"column":18},"end":{"line":10,"column":63}},"4":{"start":{"line":12,"column":17},"end":{"line":12,"column":62}},"5":{"start":{"line":14,"column":39},"end":{"line":14,"column":93}},"6":{"start":{"line":16,"column":21},"end":{"line":46,"column":1}},"7":{"start":{"line":17,"column":13},"end":{"line":17,"column":22}},"8":{"start":{"line":18,"column":20},"end":{"line":18,"column":36}},"9":{"start":{"line":19,"column":14},"end":{"line":19,"column":24}},"10":{"start":{"line":20,"column":14},"end":{"line":20,"column":24}},"11":{"start":{"line":21,"column":14},"end":{"line":21,"column":24}},"12":{"start":{"line":22,"column":13},"end":{"line":22,"column":22}},"13":{"start":{"line":23,"column":13},"end":{"line":23,"column":22}},"14":{"start":{"line":24,"column":17},"end":{"line":24,"column":30}},"15":{"start":{"line":25,"column":17},"end":{"line":25,"column":30}},"16":{"start":{"line":26,"column":2},"end":{"line":45,"column":13}},"17":{"start":{"line":48,"column":0},"end":{"line":58,"column":2}},"18":{"start":{"line":59,"column":0},"end":{"line":61,"column":2}},"19":{"start":{"line":62,"column":15},"end":{"line":62,"column":29}},"20":{"start":{"line":63,"column":0},"end":{"line":63,"column":27}}},"fnMap":{"0":{"name":"_interopRequireDefault","decl":{"start":{"line":14,"column":9},"end":{"line":14,"column":31}},"loc":{"start":{"line":14,"column":37},"end":{"line":14,"column":95}},"line":14},"1":{"name":"FormInputGroup","decl":{"start":{"line":16,"column":30},"end":{"line":16,"column":44}},"loc":{"start":{"line":16,"column":51},"end":{"line":46,"column":1}},"line":16}},"branchMap":{"0":{"loc":{"start":{"line":14,"column":46},"end":{"line":14,"column":92}},"type":"cond-expr","locations":[{"start":{"line":14,"column":70},"end":{"line":14,"column":73}},{"start":{"line":14,"column":76},"end":{"line":14,"column":92}}],"line":14},"1":{"loc":{"start":{"line":14,"column":46},"end":{"line":14,"column":67}},"type":"binary-expr","locations":[{"start":{"line":14,"column":46},"end":{"line":14,"column":49}},{"start":{"line":14,"column":53},"end":{"line":14,"column":67}}],"line":14},"2":{"loc":{"start":{"line":41,"column":6},"end":{"line":43,"column":10}},"type":"binary-expr","locations":[{"start":{"line":41,"column":6},"end":{"line":41,"column":10}},{"start":{"line":41,"column":14},"end":{"line":43,"column":10}}],"line":41},"3":{"loc":{"start":{"line":43,"column":12},"end":{"line":45,"column":11}},"type":"binary-expr","locations":[{"start":{"line":43,"column":12},"end":{"line":43,"column":17}},{"start":{"line":43,"column":21},"end":{"line":45,"column":11}}],"line":43}},"s":{"0":1,"1":1,"2":1,"3":1,"4":1,"5":3,"6":1,"7":29,"8":29,"9":29,"10":29,"11":29,"12":29,"13":29,"14":29,"15":29,"16":29,"17":1,"18":1,"19":1,"20":1},"f":{"0":3,"1":29},"b":{"0":[0,3],"1":[3,3],"2":[29,2],"3":[29,0]},"_coverageSchema":"43e27e138ebf9cfc5966b082cf9a028302ed4184","hash":"75a86ac66f3a9e2254d76a5528794c18b1754b9e","contentHash":"cda2260b77bbd185a132b89a34a4991fa86f9bec5ed7455c729020862b5a91c1"},"/home/luke/Documents/vpntrafficanalysis/frontend/src/effects/useFormInput.js":{"path":"/home/luke/Documents/vpntrafficanalysis/frontend/src/effects/useFormInput.js","statementMap":{"0":{"start":{"line":3,"column":0},"end":{"line":5,"column":3}},"1":{"start":{"line":6,"column":0},"end":{"line":6,"column":31}},"2":{"start":{"line":8,"column":13},"end":{"line":8,"column":29}},"3":{"start":{"line":10,"column":34},"end":{"line":10,"column":117}},"4":{"start":{"line":12,"column":30},"end":{"line":12,"column":106}},"5":{"start":{"line":14,"column":52},"end":{"line":14,"column":54}},"6":{"start":{"line":14,"column":65},"end":{"line":14,"column":69}},"7":{"start":{"line":14,"column":80},"end":{"line":14,"column":85}},"8":{"start":{"line":14,"column":96},"end":{"line":14,"column":105}},"9":{"start":{"line":14,"column":107},"end":{"line":14,"column":394}},"10":{"start":{"line":14,"column":113},"end":{"line":14,"column":256}},"11":{"start":{"line":14,"column":127},"end":{"line":14,"column":149}},"12":{"start":{"line":14,"column":199},"end":{"line":14,"column":219}},"13":{"start":{"line":14,"column":220},"end":{"line":14,"column":254}},"14":{"start":{"line":14,"column":248},"end":{"line":14,"column":254}},"15":{"start":{"line":14,"column":273},"end":{"line":14,"column":283}},"16":{"start":{"line":14,"column":284},"end":{"line":14,"column":293}},"17":{"start":{"line":14,"column":306},"end":{"line":14,"column":392}},"18":{"start":{"line":14,"column":312},"end":{"line":14,"column":360}},"19":{"start":{"line":14,"column":345},"end":{"line":14,"column":360}},"20":{"start":{"line":14,"column":373},"end":{"line":14,"column":390}},"21":{"start":{"line":14,"column":381},"end":{"line":14,"column":390}},"22":{"start":{"line":14,"column":395},"end":{"line":14,"column":407}},"23":{"start":{"line":16,"column":32},"end":{"line":16,"column":67}},"24":{"start":{"line":16,"column":56},"end":{"line":16,"column":67}},"25":{"start":{"line":19,"column":18},"end":{"line":19,"column":52}},"26":{"start":{"line":20,"column":19},"end":{"line":20,"column":47}},"27":{"start":{"line":21,"column":14},"end":{"line":21,"column":27}},"28":{"start":{"line":22,"column":17},"end":{"line":22,"column":30}},"29":{"start":{"line":25,"column":4},"end":{"line":25,"column":29}},"30":{"start":{"line":28,"column":2},"end":{"line":31,"column":4}}},"fnMap":{"0":{"name":"_slicedToArray","decl":{"start":{"line":10,"column":9},"end":{"line":10,"column":23}},"loc":{"start":{"line":10,"column":32},"end":{"line":10,"column":119}},"line":10},"1":{"name":"_nonIterableRest","decl":{"start":{"line":12,"column":9},"end":{"line":12,"column":25}},"loc":{"start":{"line":12,"column":28},"end":{"line":12,"column":108}},"line":12},"2":{"name":"_iterableToArrayLimit","decl":{"start":{"line":14,"column":9},"end":{"line":14,"column":30}},"loc":{"start":{"line":14,"column":39},"end":{"line":14,"column":409}},"line":14},"3":{"name":"_arrayWithHoles","decl":{"start":{"line":16,"column":9},"end":{"line":16,"column":24}},"loc":{"start":{"line":16,"column":30},"end":{"line":16,"column":69}},"line":16},"4":{"name":"useFormInput","decl":{"start":{"line":18,"column":9},"end":{"line":18,"column":21}},"loc":{"start":{"line":18,"column":36},"end":{"line":32,"column":1}},"line":18},"5":{"name":"handleChange","decl":{"start":{"line":24,"column":11},"end":{"line":24,"column":23}},"loc":{"start":{"line":24,"column":27},"end":{"line":26,"column":3}},"line":24}},"branchMap":{"0":{"loc":{"start":{"line":10,"column":41},"end":{"line":10,"column":116}},"type":"binary-expr","locations":[{"start":{"line":10,"column":41},"end":{"line":10,"column":61}},{"start":{"line":10,"column":65},"end":{"line":10,"column":94}},{"start":{"line":10,"column":98},"end":{"line":10,"column":116}}],"line":10},"1":{"loc":{"start":{"line":14,"column":220},"end":{"line":14,"column":254}},"type":"if","locations":[{"start":{"line":14,"column":220},"end":{"line":14,"column":254}},{"start":{"line":14,"column":220},"end":{"line":14,"column":254}}],"line":14},"2":{"loc":{"start":{"line":14,"column":224},"end":{"line":14,"column":246}},"type":"binary-expr","locations":[{"start":{"line":14,"column":224},"end":{"line":14,"column":225}},{"start":{"line":14,"column":229},"end":{"line":14,"column":246}}],"line":14},"3":{"loc":{"start":{"line":14,"column":312},"end":{"line":14,"column":360}},"type":"if","locations":[{"start":{"line":14,"column":312},"end":{"line":14,"column":360}},{"start":{"line":14,"column":312},"end":{"line":14,"column":360}}],"line":14},"4":{"loc":{"start":{"line":14,"column":316},"end":{"line":14,"column":343}},"type":"binary-expr","locations":[{"start":{"line":14,"column":316},"end":{"line":14,"column":319}},{"start":{"line":14,"column":323},"end":{"line":14,"column":343}}],"line":14},"5":{"loc":{"start":{"line":14,"column":373},"end":{"line":14,"column":390}},"type":"if","locations":[{"start":{"line":14,"column":373},"end":{"line":14,"column":390}},{"start":{"line":14,"column":373},"end":{"line":14,"column":390}}],"line":14},"6":{"loc":{"start":{"line":16,"column":32},"end":{"line":16,"column":67}},"type":"if","locations":[{"start":{"line":16,"column":32},"end":{"line":16,"column":67}},{"start":{"line":16,"column":32},"end":{"line":16,"column":67}}],"line":16}},"s":{"0":1,"1":1,"2":1,"3":29,"4":0,"5":0,"6":0,"7":0,"8":0,"9":0,"10":0,"11":0,"12":0,"13":0,"14":0,"15":0,"16":0,"17":0,"18":0,"19":0,"20":0,"21":0,"22":0,"23":29,"24":29,"25":29,"26":29,"27":29,"28":29,"29":0,"30":29},"f":{"0":29,"1":0,"2":0,"3":29,"4":29,"5":0},"b":{"0":[29,0,0],"1":[0,0],"2":[0,0],"3":[0,0],"4":[0,0],"5":[0,0],"6":[29,0]},"_coverageSchema":"43e27e138ebf9cfc5966b082cf9a028302ed4184","hash":"092bd0bcdd5fc6a92fe79e3739184cd42fc78a51","contentHash":"42ed96852f642fc6cd585d6f2bb380026306a95d5d5eac40bb7ef29999912871"},"/home/luke/Documents/vpntrafficanalysis/frontend/src/reducers/alertReducer.js":{"path":"/home/luke/Documents/vpntrafficanalysis/frontend/src/reducers/alertReducer.js","statementMap":{"0":{"start":{"line":3,"column":0},"end":{"line":5,"column":3}},"1":{"start":{"line":6,"column":0},"end":{"line":6,"column":173}},"2":{"start":{"line":7,"column":16},"end":{"line":7,"column":27}},"3":{"start":{"line":8,"column":0},"end":{"line":8,"column":30}},"4":{"start":{"line":9,"column":20},"end":{"line":9,"column":35}},"5":{"start":{"line":10,"column":0},"end":{"line":10,"column":38}},"6":{"start":{"line":11,"column":16},"end":{"line":11,"column":32}},"7":{"start":{"line":12,"column":0},"end":{"line":12,"column":30}},"8":{"start":{"line":14,"column":15},"end":{"line":19,"column":1}},"9":{"start":{"line":15,"column":2},"end":{"line":18,"column":4}},"10":{"start":{"line":21,"column":0},"end":{"line":21,"column":28}},"11":{"start":{"line":23,"column":19},"end":{"line":28,"column":1}},"12":{"start":{"line":24,"column":2},"end":{"line":27,"column":4}},"13":{"start":{"line":30,"column":0},"end":{"line":30,"column":36}},"14":{"start":{"line":32,"column":15},"end":{"line":36,"column":1}},"15":{"start":{"line":33,"column":2},"end":{"line":35,"column":4}},"16":{"start":{"line":38,"column":0},"end":{"line":38,"column":28}},"17":{"start":{"line":39,"column":19},"end":{"line":42,"column":1}},"18":{"start":{"line":43,"column":0},"end":{"line":43,"column":36}},"19":{"start":{"line":45,"column":14},"end":{"line":70,"column":1}},"20":{"start":{"line":46,"column":14},"end":{"line":46,"column":94}},"21":{"start":{"line":47,"column":15},"end":{"line":47,"column":85}},"22":{"start":{"line":48,"column":13},"end":{"line":48,"column":24}},"23":{"start":{"line":49,"column":16},"end":{"line":49,"column":30}},"24":{"start":{"line":51,"column":2},"end":{"line":69,"column":3}},"25":{"start":{"line":53,"column":6},"end":{"line":56,"column":9}},"26":{"start":{"line":59,"column":6},"end":{"line":64,"column":9}},"27":{"start":{"line":61,"column":10},"end":{"line":61,"column":35}},"28":{"start":{"line":68,"column":6},"end":{"line":68,"column":19}},"29":{"start":{"line":72,"column":0},"end":{"line":72,"column":26}}},"fnMap":{"0":{"name":"addAlert","decl":{"start":{"line":14,"column":24},"end":{"line":14,"column":32}},"loc":{"start":{"line":14,"column":40},"end":{"line":19,"column":1}},"line":14},"1":{"name":"dismissAlert","decl":{"start":{"line":23,"column":28},"end":{"line":23,"column":40}},"loc":{"start":{"line":23,"column":48},"end":{"line":28,"column":1}},"line":23},"2":{"name":"getCount","decl":{"start":{"line":32,"column":24},"end":{"line":32,"column":32}},"loc":{"start":{"line":32,"column":35},"end":{"line":36,"column":1}},"line":32},"3":{"name":"reducer","decl":{"start":{"line":45,"column":23},"end":{"line":45,"column":30}},"loc":{"start":{"line":45,"column":33},"end":{"line":70,"column":1}},"line":45},"4":{"name":"(anonymous_4)","decl":{"start":{"line":60,"column":36},"end":{"line":60,"column":37}},"loc":{"start":{"line":60,"column":53},"end":{"line":62,"column":9}},"line":60}},"branchMap":{"0":{"loc":{"start":{"line":46,"column":14},"end":{"line":46,"column":94}},"type":"cond-expr","locations":[{"start":{"line":46,"column":67},"end":{"line":46,"column":79}},{"start":{"line":46,"column":82},"end":{"line":46,"column":94}}],"line":46},"1":{"loc":{"start":{"line":46,"column":14},"end":{"line":46,"column":64}},"type":"binary-expr","locations":[{"start":{"line":46,"column":14},"end":{"line":46,"column":34}},{"start":{"line":46,"column":38},"end":{"line":46,"column":64}}],"line":46},"2":{"loc":{"start":{"line":47,"column":15},"end":{"line":47,"column":85}},"type":"cond-expr","locations":[{"start":{"line":47,"column":68},"end":{"line":47,"column":80}},{"start":{"line":47,"column":83},"end":{"line":47,"column":85}}],"line":47},"3":{"loc":{"start":{"line":47,"column":15},"end":{"line":47,"column":65}},"type":"binary-expr","locations":[{"start":{"line":47,"column":15},"end":{"line":47,"column":35}},{"start":{"line":47,"column":39},"end":{"line":47,"column":65}}],"line":47},"4":{"loc":{"start":{"line":51,"column":2},"end":{"line":69,"column":3}},"type":"switch","locations":[{"start":{"line":52,"column":4},"end":{"line":56,"column":9}},{"start":{"line":58,"column":4},"end":{"line":64,"column":9}},{"start":{"line":66,"column":4},"end":{"line":66,"column":19}},{"start":{"line":67,"column":4},"end":{"line":68,"column":19}}],"line":51}},"s":{"0":1,"1":1,"2":1,"3":1,"4":1,"5":1,"6":1,"7":1,"8":1,"9":0,"10":1,"11":1,"12":0,"13":1,"14":1,"15":0,"16":1,"17":1,"18":1,"19":1,"20":5,"21":5,"22":5,"23":5,"24":5,"25":2,"26":1,"27":2,"28":2,"29":1},"f":{"0":0,"1":0,"2":0,"3":5,"4":2},"b":{"0":[4,1],"1":[5,4],"2":[4,1],"3":[5,4],"4":[2,1,1,2]},"_coverageSchema":"43e27e138ebf9cfc5966b082cf9a028302ed4184","hash":"fa958647154a7dbf001e668797cd20d09e3be74a","contentHash":"326256619cadc5d3178a661c8753df7fec645b08b88d06f5de6502c107d6ff12"},"/home/luke/Documents/vpntrafficanalysis/frontend/src/reducers/authReducer.js":{"path":"/home/luke/Documents/vpntrafficanalysis/frontend/src/reducers/authReducer.js","statementMap":{"0":{"start":{"line":3,"column":0},"end":{"line":5,"column":3}},"1":{"start":{"line":6,"column":0},"end":{"line":6,"column":151}},"2":{"start":{"line":8,"column":13},"end":{"line":8,"column":53}},"3":{"start":{"line":10,"column":17},"end":{"line":10,"column":62}},"4":{"start":{"line":12,"column":20},"end":{"line":12,"column":76}},"5":{"start":{"line":14,"column":39},"end":{"line":14,"column":93}},"6":{"start":{"line":16,"column":77},"end":{"line":16,"column":175}},"7":{"start":{"line":16,"column":94},"end":{"line":16,"column":107}},"8":{"start":{"line":16,"column":121},"end":{"line":16,"column":131}},"9":{"start":{"line":16,"column":151},"end":{"line":16,"column":165}},"10":{"start":{"line":16,"column":166},"end":{"line":16,"column":173}},"11":{"start":{"line":16,"column":176},"end":{"line":16,"column":263}},"12":{"start":{"line":16,"column":193},"end":{"line":16,"column":208}},"13":{"start":{"line":16,"column":218},"end":{"line":16,"column":261}},"14":{"start":{"line":18,"column":33},"end":{"line":18,"column":387}},"15":{"start":{"line":18,"column":65},"end":{"line":18,"column":69}},"16":{"start":{"line":18,"column":78},"end":{"line":18,"column":87}},"17":{"start":{"line":18,"column":89},"end":{"line":18,"column":384}},"18":{"start":{"line":18,"column":147},"end":{"line":18,"column":167}},"19":{"start":{"line":18,"column":193},"end":{"line":18,"column":264}},"20":{"start":{"line":18,"column":290},"end":{"line":18,"column":360}},"21":{"start":{"line":18,"column":363},"end":{"line":18,"column":380}},"22":{"start":{"line":20,"column":17},"end":{"line":20,"column":33}},"23":{"start":{"line":21,"column":0},"end":{"line":21,"column":32}},"24":{"start":{"line":22,"column":18},"end":{"line":22,"column":35}},"25":{"start":{"line":23,"column":0},"end":{"line":23,"column":34}},"26":{"start":{"line":24,"column":15},"end":{"line":24,"column":29}},"27":{"start":{"line":25,"column":0},"end":{"line":25,"column":28}},"28":{"start":{"line":29,"column":0},"end":{"line":74,"column":3}},"29":{"start":{"line":30,"column":13},"end":{"line":69,"column":5}},"30":{"start":{"line":34,"column":4},"end":{"line":68,"column":33}},"31":{"start":{"line":35,"column":6},"end":{"line":67,"column":7}},"32":{"start":{"line":36,"column":8},"end":{"line":66,"column":9}},"33":{"start":{"line":38,"column":12},"end":{"line":38,"column":30}},"34":{"start":{"line":39,"column":12},"end":{"line":39,"column":30}},"35":{"start":{"line":40,"column":12},"end":{"line":40,"column":69}},"36":{"start":{"line":43,"column":12},"end":{"line":43,"column":32}},"37":{"start":{"line":45,"column":12},"end":{"line":45,"column":35}},"38":{"start":{"line":46,"column":12},"end":{"line":46,"column":52}},"39":{"start":{"line":48,"column":12},"end":{"line":48,"column":46}},"40":{"start":{"line":50,"column":12},"end":{"line":50,"column":53}},"41":{"start":{"line":51,"column":12},"end":{"line":54,"column":15}},"42":{"start":{"line":55,"column":12},"end":{"line":55,"column":31}},"43":{"start":{"line":56,"column":12},"end":{"line":56,"column":18}},"44":{"start":{"line":59,"column":12},"end":{"line":59,"column":31}},"45":{"start":{"line":60,"column":12},"end":{"line":60,"column":47}},"46":{"start":{"line":61,"column":12},"end":{"line":61,"column":72}},"47":{"start":{"line":65,"column":12},"end":{"line":65,"column":35}},"48":{"start":{"line":71,"column":2},"end":{"line":73,"column":4}},"49":{"start":{"line":72,"column":4},"end":{"line":72,"column":39}},"50":{"start":{"line":76,"column":0},"end":{"line":76,"column":30}},"51":{"start":{"line":78,"column":17},"end":{"line":86,"column":1}},"52":{"start":{"line":80,"column":2},"end":{"line":80,"column":28}},"53":{"start":{"line":81,"column":2},"end":{"line":81,"column":38}},"54":{"start":{"line":82,"column":2},"end":{"line":82,"column":33}},"55":{"start":{"line":83,"column":2},"end":{"line":85,"column":5}},"56":{"start":{"line":88,"column":0},"end":{"line":88,"column":32}},"57":{"start":{"line":89,"column":19},"end":{"line":92,"column":1}},"58":{"start":{"line":93,"column":0},"end":{"line":93,"column":36}},"59":{"start":{"line":95,"column":14},"end":{"line":118,"column":1}},"60":{"start":{"line":96,"column":14},"end":{"line":96,"column":94}},"61":{"start":{"line":97,"column":15},"end":{"line":97,"column":85}},"62":{"start":{"line":98,"column":13},"end":{"line":98,"column":24}},"63":{"start":{"line":99,"column":16},"end":{"line":99,"column":30}},"64":{"start":{"line":101,"column":2},"end":{"line":117,"column":3}},"65":{"start":{"line":103,"column":6},"end":{"line":106,"column":8}},"66":{"start":{"line":109,"column":6},"end":{"line":112,"column":8}},"67":{"start":{"line":116,"column":6},"end":{"line":116,"column":19}},"68":{"start":{"line":120,"column":0},"end":{"line":120,"column":26}}},"fnMap":{"0":{"name":"_interopRequireDefault","decl":{"start":{"line":14,"column":9},"end":{"line":14,"column":31}},"loc":{"start":{"line":14,"column":37},"end":{"line":14,"column":95}},"line":14},"1":{"name":"asyncGeneratorStep","decl":{"start":{"line":16,"column":9},"end":{"line":16,"column":27}},"loc":{"start":{"line":16,"column":75},"end":{"line":16,"column":265}},"line":16},"2":{"name":"_asyncToGenerator","decl":{"start":{"line":18,"column":9},"end":{"line":18,"column":26}},"loc":{"start":{"line":18,"column":31},"end":{"line":18,"column":389}},"line":18},"3":{"name":"(anonymous_3)","decl":{"start":{"line":18,"column":40},"end":{"line":18,"column":41}},"loc":{"start":{"line":18,"column":52},"end":{"line":18,"column":386}},"line":18},"4":{"name":"(anonymous_4)","decl":{"start":{"line":18,"column":108},"end":{"line":18,"column":109}},"loc":{"start":{"line":18,"column":135},"end":{"line":18,"column":382}},"line":18},"5":{"name":"_next","decl":{"start":{"line":18,"column":178},"end":{"line":18,"column":183}},"loc":{"start":{"line":18,"column":191},"end":{"line":18,"column":266}},"line":18},"6":{"name":"_throw","decl":{"start":{"line":18,"column":276},"end":{"line":18,"column":282}},"loc":{"start":{"line":18,"column":288},"end":{"line":18,"column":362}},"line":18},"7":{"name":"(anonymous_7)","decl":{"start":{"line":29,"column":0},"end":{"line":29,"column":1}},"loc":{"start":{"line":29,"column":12},"end":{"line":74,"column":1}},"line":29},"8":{"name":"_callee","decl":{"start":{"line":32,"column":35},"end":{"line":32,"column":42}},"loc":{"start":{"line":32,"column":63},"end":{"line":69,"column":3}},"line":32},"9":{"name":"_callee$","decl":{"start":{"line":34,"column":44},"end":{"line":34,"column":52}},"loc":{"start":{"line":34,"column":63},"end":{"line":68,"column":5}},"line":34},"10":{"name":"loginUser","decl":{"start":{"line":71,"column":18},"end":{"line":71,"column":27}},"loc":{"start":{"line":71,"column":37},"end":{"line":73,"column":3}},"line":71},"11":{"name":"logoutUser","decl":{"start":{"line":78,"column":26},"end":{"line":78,"column":36}},"loc":{"start":{"line":78,"column":47},"end":{"line":86,"column":1}},"line":78},"12":{"name":"reducer","decl":{"start":{"line":95,"column":23},"end":{"line":95,"column":30}},"loc":{"start":{"line":95,"column":33},"end":{"line":118,"column":1}},"line":95}},"branchMap":{"0":{"loc":{"start":{"line":14,"column":46},"end":{"line":14,"column":92}},"type":"cond-expr","locations":[{"start":{"line":14,"column":70},"end":{"line":14,"column":73}},{"start":{"line":14,"column":76},"end":{"line":14,"column":92}}],"line":14},"1":{"loc":{"start":{"line":14,"column":46},"end":{"line":14,"column":67}},"type":"binary-expr","locations":[{"start":{"line":14,"column":46},"end":{"line":14,"column":49}},{"start":{"line":14,"column":53},"end":{"line":14,"column":67}}],"line":14},"2":{"loc":{"start":{"line":16,"column":176},"end":{"line":16,"column":263}},"type":"if","locations":[{"start":{"line":16,"column":176},"end":{"line":16,"column":263}},{"start":{"line":16,"column":176},"end":{"line":16,"column":263}}],"line":16},"3":{"loc":{"start":{"line":36,"column":8},"end":{"line":66,"column":9}},"type":"switch","locations":[{"start":{"line":37,"column":10},"end":{"line":40,"column":69}},{"start":{"line":42,"column":10},"end":{"line":56,"column":18}},{"start":{"line":58,"column":10},"end":{"line":61,"column":72}},{"start":{"line":63,"column":10},"end":{"line":63,"column":18}},{"start":{"line":64,"column":10},"end":{"line":65,"column":35}}],"line":36},"4":{"loc":{"start":{"line":96,"column":14},"end":{"line":96,"column":94}},"type":"cond-expr","locations":[{"start":{"line":96,"column":67},"end":{"line":96,"column":79}},{"start":{"line":96,"column":82},"end":{"line":96,"column":94}}],"line":96},"5":{"loc":{"start":{"line":96,"column":14},"end":{"line":96,"column":64}},"type":"binary-expr","locations":[{"start":{"line":96,"column":14},"end":{"line":96,"column":34}},{"start":{"line":96,"column":38},"end":{"line":96,"column":64}}],"line":96},"6":{"loc":{"start":{"line":97,"column":15},"end":{"line":97,"column":85}},"type":"cond-expr","locations":[{"start":{"line":97,"column":68},"end":{"line":97,"column":80}},{"start":{"line":97,"column":83},"end":{"line":97,"column":85}}],"line":97},"7":{"loc":{"start":{"line":97,"column":15},"end":{"line":97,"column":65}},"type":"binary-expr","locations":[{"start":{"line":97,"column":15},"end":{"line":97,"column":35}},{"start":{"line":97,"column":39},"end":{"line":97,"column":65}}],"line":97},"8":{"loc":{"start":{"line":101,"column":2},"end":{"line":117,"column":3}},"type":"switch","locations":[{"start":{"line":102,"column":4},"end":{"line":106,"column":8}},{"start":{"line":108,"column":4},"end":{"line":112,"column":8}},{"start":{"line":114,"column":4},"end":{"line":114,"column":18}},{"start":{"line":115,"column":4},"end":{"line":116,"column":19}}],"line":101}},"s":{"0":1,"1":1,"2":1,"3":1,"4":1,"5":3,"6":0,"7":0,"8":0,"9":0,"10":0,"11":0,"12":0,"13":0,"14":1,"15":0,"16":0,"17":0,"18":0,"19":0,"20":0,"21":0,"22":1,"23":1,"24":1,"25":1,"26":1,"27":1,"28":1,"29":1,"30":0,"31":0,"32":0,"33":0,"34":0,"35":0,"36":0,"37":0,"38":0,"39":0,"40":0,"41":0,"42":0,"43":0,"44":0,"45":0,"46":0,"47":0,"48":1,"49":0,"50":1,"51":1,"52":0,"53":0,"54":0,"55":0,"56":1,"57":1,"58":1,"59":1,"60":4,"61":4,"62":4,"63":4,"64":4,"65":2,"66":1,"67":1,"68":1},"f":{"0":3,"1":0,"2":1,"3":0,"4":0,"5":0,"6":0,"7":1,"8":0,"9":0,"10":0,"11":0,"12":4},"b":{"0":[1,2],"1":[3,3],"2":[0,0],"3":[0,0,0,0,0],"4":[3,1],"5":[4,3],"6":[3,1],"7":[4,3],"8":[2,1,0,1]},"_coverageSchema":"43e27e138ebf9cfc5966b082cf9a028302ed4184","hash":"bf8458f8dbd82cde05f3391ae487d34169d112ae","contentHash":"551c6a3de443bb351e270523048f2490c9c550d42dc092fdc6caf4d3c3b11513"},"/home/luke/Documents/vpntrafficanalysis/frontend/src/utils/setAuthToken.js":{"path":"/home/luke/Documents/vpntrafficanalysis/frontend/src/utils/setAuthToken.js","statementMap":{"0":{"start":{"line":3,"column":0},"end":{"line":5,"column":3}},"1":{"start":{"line":6,"column":0},"end":{"line":6,"column":25}},"2":{"start":{"line":8,"column":13},"end":{"line":8,"column":53}},"3":{"start":{"line":10,"column":39},"end":{"line":10,"column":93}},"4":{"start":{"line":12,"column":19},"end":{"line":20,"column":1}},"5":{"start":{"line":13,"column":2},"end":{"line":19,"column":3}},"6":{"start":{"line":15,"column":4},"end":{"line":15,"column":68}},"7":{"start":{"line":18,"column":4},"end":{"line":18,"column":67}},"8":{"start":{"line":22,"column":15},"end":{"line":22,"column":27}},"9":{"start":{"line":23,"column":0},"end":{"line":23,"column":27}}},"fnMap":{"0":{"name":"_interopRequireDefault","decl":{"start":{"line":10,"column":9},"end":{"line":10,"column":31}},"loc":{"start":{"line":10,"column":37},"end":{"line":10,"column":95}},"line":10},"1":{"name":"setAuthToken","decl":{"start":{"line":12,"column":28},"end":{"line":12,"column":40}},"loc":{"start":{"line":12,"column":48},"end":{"line":20,"column":1}},"line":12}},"branchMap":{"0":{"loc":{"start":{"line":10,"column":46},"end":{"line":10,"column":92}},"type":"cond-expr","locations":[{"start":{"line":10,"column":70},"end":{"line":10,"column":73}},{"start":{"line":10,"column":76},"end":{"line":10,"column":92}}],"line":10},"1":{"loc":{"start":{"line":10,"column":46},"end":{"line":10,"column":67}},"type":"binary-expr","locations":[{"start":{"line":10,"column":46},"end":{"line":10,"column":49}},{"start":{"line":10,"column":53},"end":{"line":10,"column":67}}],"line":10},"2":{"loc":{"start":{"line":13,"column":2},"end":{"line":19,"column":3}},"type":"if","locations":[{"start":{"line":13,"column":2},"end":{"line":19,"column":3}},{"start":{"line":13,"column":2},"end":{"line":19,"column":3}}],"line":13}},"s":{"0":1,"1":1,"2":1,"3":1,"4":1,"5":0,"6":0,"7":0,"8":1,"9":1},"f":{"0":1,"1":0},"b":{"0":[0,1],"1":[1,1],"2":[0,0]},"_coverageSchema":"43e27e138ebf9cfc5966b082cf9a028302ed4184","hash":"d34494e0d75e32bd1f3bb09fcbc35a67f4cac686","contentHash":"ddb8ec510d989b8b709f36ec310edb8d832069fa98a7ede4214e1906be707afd"},"/home/luke/Documents/vpntrafficanalysis/frontend/src/components/devices/Device.jsx":{"path":"/home/luke/Documents/vpntrafficanalysis/frontend/src/components/devices/Device.jsx","statementMap":{"0":{"start":{"line":3,"column":0},"end":{"line":5,"column":3}},"1":{"start":{"line":6,"column":0},"end":{"line":6,"column":25}},"2":{"start":{"line":8,"column":13},"end":{"line":8,"column":53}},"3":{"start":{"line":10,"column":17},"end":{"line":10,"column":62}},"4":{"start":{"line":12,"column":13},"end":{"line":12,"column":53}},"5":{"start":{"line":14,"column":39},"end":{"line":14,"column":93}},"6":{"start":{"line":16,"column":77},"end":{"line":16,"column":175}},"7":{"start":{"line":16,"column":94},"end":{"line":16,"column":107}},"8":{"start":{"line":16,"column":121},"end":{"line":16,"column":131}},"9":{"start":{"line":16,"column":151},"end":{"line":16,"column":165}},"10":{"start":{"line":16,"column":166},"end":{"line":16,"column":173}},"11":{"start":{"line":16,"column":176},"end":{"line":16,"column":263}},"12":{"start":{"line":16,"column":193},"end":{"line":16,"column":208}},"13":{"start":{"line":16,"column":218},"end":{"line":16,"column":261}},"14":{"start":{"line":18,"column":33},"end":{"line":18,"column":387}},"15":{"start":{"line":18,"column":65},"end":{"line":18,"column":69}},"16":{"start":{"line":18,"column":78},"end":{"line":18,"column":87}},"17":{"start":{"line":18,"column":89},"end":{"line":18,"column":384}},"18":{"start":{"line":18,"column":147},"end":{"line":18,"column":167}},"19":{"start":{"line":18,"column":193},"end":{"line":18,"column":264}},"20":{"start":{"line":18,"column":290},"end":{"line":18,"column":360}},"21":{"start":{"line":18,"column":363},"end":{"line":18,"column":380}},"22":{"start":{"line":20,"column":13},"end":{"line":73,"column":1}},"23":{"start":{"line":21,"column":15},"end":{"line":21,"column":26}},"24":{"start":{"line":22,"column":22},"end":{"line":22,"column":40}},"25":{"start":{"line":23,"column":12},"end":{"line":23,"column":22}},"26":{"start":{"line":24,"column":13},"end":{"line":24,"column":24}},"27":{"start":{"line":25,"column":14},"end":{"line":25,"column":26}},"28":{"start":{"line":26,"column":18},"end":{"line":26,"column":34}},"29":{"start":{"line":30,"column":2},"end":{"line":63,"column":5}},"30":{"start":{"line":31,"column":16},"end":{"line":58,"column":7}},"31":{"start":{"line":34,"column":6},"end":{"line":57,"column":34}},"32":{"start":{"line":35,"column":8},"end":{"line":56,"column":9}},"33":{"start":{"line":36,"column":10},"end":{"line":55,"column":11}},"34":{"start":{"line":38,"column":14},"end":{"line":38,"column":32}},"35":{"start":{"line":39,"column":14},"end":{"line":39,"column":32}},"36":{"start":{"line":40,"column":14},"end":{"line":40,"column":72}},"37":{"start":{"line":43,"column":14},"end":{"line":43,"column":33}},"38":{"start":{"line":44,"column":14},"end":{"line":44,"column":32}},"39":{"start":{"line":45,"column":14},"end":{"line":45,"column":20}},"40":{"start":{"line":48,"column":14},"end":{"line":48,"column":32}},"41":{"start":{"line":49,"column":14},"end":{"line":49,"column":49}},"42":{"start":{"line":50,"column":14},"end":{"line":50,"column":51}},"43":{"start":{"line":54,"column":14},"end":{"line":54,"column":37}},"44":{"start":{"line":60,"column":4},"end":{"line":62,"column":6}},"45":{"start":{"line":61,"column":6},"end":{"line":61,"column":42}},"46":{"start":{"line":65,"column":2},"end":{"line":72,"column":8}},"47":{"start":{"line":75,"column":0},"end":{"line":78,"column":2}},"48":{"start":{"line":79,"column":15},"end":{"line":79,"column":21}},"49":{"start":{"line":80,"column":0},"end":{"line":80,"column":27}}},"fnMap":{"0":{"name":"_interopRequireDefault","decl":{"start":{"line":14,"column":9},"end":{"line":14,"column":31}},"loc":{"start":{"line":14,"column":37},"end":{"line":14,"column":95}},"line":14},"1":{"name":"asyncGeneratorStep","decl":{"start":{"line":16,"column":9},"end":{"line":16,"column":27}},"loc":{"start":{"line":16,"column":75},"end":{"line":16,"column":265}},"line":16},"2":{"name":"_asyncToGenerator","decl":{"start":{"line":18,"column":9},"end":{"line":18,"column":26}},"loc":{"start":{"line":18,"column":31},"end":{"line":18,"column":389}},"line":18},"3":{"name":"(anonymous_3)","decl":{"start":{"line":18,"column":40},"end":{"line":18,"column":41}},"loc":{"start":{"line":18,"column":52},"end":{"line":18,"column":386}},"line":18},"4":{"name":"(anonymous_4)","decl":{"start":{"line":18,"column":108},"end":{"line":18,"column":109}},"loc":{"start":{"line":18,"column":135},"end":{"line":18,"column":382}},"line":18},"5":{"name":"_next","decl":{"start":{"line":18,"column":178},"end":{"line":18,"column":183}},"loc":{"start":{"line":18,"column":191},"end":{"line":18,"column":266}},"line":18},"6":{"name":"_throw","decl":{"start":{"line":18,"column":276},"end":{"line":18,"column":282}},"loc":{"start":{"line":18,"column":288},"end":{"line":18,"column":362}},"line":18},"7":{"name":"Device","decl":{"start":{"line":20,"column":22},"end":{"line":20,"column":28}},"loc":{"start":{"line":20,"column":35},"end":{"line":73,"column":1}},"line":20},"8":{"name":"(anonymous_8)","decl":{"start":{"line":30,"column":2},"end":{"line":30,"column":3}},"loc":{"start":{"line":30,"column":14},"end":{"line":63,"column":3}},"line":30},"9":{"name":"_callee","decl":{"start":{"line":33,"column":37},"end":{"line":33,"column":44}},"loc":{"start":{"line":33,"column":47},"end":{"line":58,"column":5}},"line":33},"10":{"name":"_callee$","decl":{"start":{"line":34,"column":46},"end":{"line":34,"column":54}},"loc":{"start":{"line":34,"column":65},"end":{"line":57,"column":7}},"line":34},"11":{"name":"handleDelete","decl":{"start":{"line":60,"column":20},"end":{"line":60,"column":32}},"loc":{"start":{"line":60,"column":35},"end":{"line":62,"column":5}},"line":60}},"branchMap":{"0":{"loc":{"start":{"line":14,"column":46},"end":{"line":14,"column":92}},"type":"cond-expr","locations":[{"start":{"line":14,"column":70},"end":{"line":14,"column":73}},{"start":{"line":14,"column":76},"end":{"line":14,"column":92}}],"line":14},"1":{"loc":{"start":{"line":14,"column":46},"end":{"line":14,"column":67}},"type":"binary-expr","locations":[{"start":{"line":14,"column":46},"end":{"line":14,"column":49}},{"start":{"line":14,"column":53},"end":{"line":14,"column":67}}],"line":14},"2":{"loc":{"start":{"line":16,"column":176},"end":{"line":16,"column":263}},"type":"if","locations":[{"start":{"line":16,"column":176},"end":{"line":16,"column":263}},{"start":{"line":16,"column":176},"end":{"line":16,"column":263}}],"line":16},"3":{"loc":{"start":{"line":36,"column":10},"end":{"line":55,"column":11}},"type":"switch","locations":[{"start":{"line":37,"column":12},"end":{"line":40,"column":72}},{"start":{"line":42,"column":12},"end":{"line":45,"column":20}},{"start":{"line":47,"column":12},"end":{"line":50,"column":51}},{"start":{"line":52,"column":12},"end":{"line":52,"column":19}},{"start":{"line":53,"column":12},"end":{"line":54,"column":37}}],"line":36}},"s":{"0":1,"1":1,"2":1,"3":1,"4":1,"5":3,"6":0,"7":0,"8":0,"9":0,"10":0,"11":0,"12":0,"13":0,"14":2,"15":0,"16":0,"17":0,"18":0,"19":0,"20":0,"21":0,"22":1,"23":2,"24":2,"25":2,"26":2,"27":2,"28":2,"29":2,"30":2,"31":0,"32":0,"33":0,"34":0,"35":0,"36":0,"37":0,"38":0,"39":0,"40":0,"41":0,"42":0,"43":0,"44":2,"45":0,"46":2,"47":1,"48":1,"49":1},"f":{"0":3,"1":0,"2":2,"3":0,"4":0,"5":0,"6":0,"7":2,"8":2,"9":0,"10":0,"11":0},"b":{"0":[0,3],"1":[3,3],"2":[0,0],"3":[0,0,0,0,0]},"_coverageSchema":"43e27e138ebf9cfc5966b082cf9a028302ed4184","hash":"7c0ee68475476ff327892699e40ce754f5933a11","contentHash":"270110e6290780bf955a89cb94b2bb49c3068def403c6b70783ac00e02d1dddd"},"/home/luke/Documents/vpntrafficanalysis/frontend/src/reducers/deviceReducer.js":{"path":"/home/luke/Documents/vpntrafficanalysis/frontend/src/reducers/deviceReducer.js","statementMap":{"0":{"start":{"line":3,"column":0},"end":{"line":5,"column":3}},"1":{"start":{"line":6,"column":0},"end":{"line":6,"column":90}},"2":{"start":{"line":8,"column":18},"end":{"line":13,"column":1}},"3":{"start":{"line":9,"column":2},"end":{"line":12,"column":4}},"4":{"start":{"line":15,"column":0},"end":{"line":15,"column":34}},"5":{"start":{"line":17,"column":16},"end":{"line":22,"column":1}},"6":{"start":{"line":18,"column":2},"end":{"line":21,"column":4}},"7":{"start":{"line":24,"column":0},"end":{"line":24,"column":30}},"8":{"start":{"line":25,"column":19},"end":{"line":27,"column":1}},"9":{"start":{"line":28,"column":0},"end":{"line":28,"column":36}},"10":{"start":{"line":30,"column":14},"end":{"line":52,"column":1}},"11":{"start":{"line":31,"column":14},"end":{"line":31,"column":94}},"12":{"start":{"line":32,"column":15},"end":{"line":32,"column":85}},"13":{"start":{"line":33,"column":13},"end":{"line":33,"column":24}},"14":{"start":{"line":34,"column":16},"end":{"line":34,"column":30}},"15":{"start":{"line":36,"column":2},"end":{"line":51,"column":3}},"16":{"start":{"line":38,"column":6},"end":{"line":42,"column":9}},"17":{"start":{"line":40,"column":10},"end":{"line":40,"column":40}},"18":{"start":{"line":45,"column":6},"end":{"line":47,"column":9}},"19":{"start":{"line":50,"column":6},"end":{"line":50,"column":19}},"20":{"start":{"line":54,"column":0},"end":{"line":54,"column":26}}},"fnMap":{"0":{"name":"deleteClick","decl":{"start":{"line":8,"column":27},"end":{"line":8,"column":38}},"loc":{"start":{"line":8,"column":43},"end":{"line":13,"column":1}},"line":8},"1":{"name":"addDevice","decl":{"start":{"line":17,"column":25},"end":{"line":17,"column":34}},"loc":{"start":{"line":17,"column":43},"end":{"line":22,"column":1}},"line":17},"2":{"name":"reducer","decl":{"start":{"line":30,"column":23},"end":{"line":30,"column":30}},"loc":{"start":{"line":30,"column":33},"end":{"line":52,"column":1}},"line":30},"3":{"name":"(anonymous_3)","decl":{"start":{"line":39,"column":38},"end":{"line":39,"column":39}},"loc":{"start":{"line":39,"column":56},"end":{"line":41,"column":9}},"line":39}},"branchMap":{"0":{"loc":{"start":{"line":31,"column":14},"end":{"line":31,"column":94}},"type":"cond-expr","locations":[{"start":{"line":31,"column":67},"end":{"line":31,"column":79}},{"start":{"line":31,"column":82},"end":{"line":31,"column":94}}],"line":31},"1":{"loc":{"start":{"line":31,"column":14},"end":{"line":31,"column":64}},"type":"binary-expr","locations":[{"start":{"line":31,"column":14},"end":{"line":31,"column":34}},{"start":{"line":31,"column":38},"end":{"line":31,"column":64}}],"line":31},"2":{"loc":{"start":{"line":32,"column":15},"end":{"line":32,"column":85}},"type":"cond-expr","locations":[{"start":{"line":32,"column":68},"end":{"line":32,"column":80}},{"start":{"line":32,"column":83},"end":{"line":32,"column":85}}],"line":32},"3":{"loc":{"start":{"line":32,"column":15},"end":{"line":32,"column":65}},"type":"binary-expr","locations":[{"start":{"line":32,"column":15},"end":{"line":32,"column":35}},{"start":{"line":32,"column":39},"end":{"line":32,"column":65}}],"line":32},"4":{"loc":{"start":{"line":36,"column":2},"end":{"line":51,"column":3}},"type":"switch","locations":[{"start":{"line":37,"column":4},"end":{"line":42,"column":9}},{"start":{"line":44,"column":4},"end":{"line":47,"column":9}},{"start":{"line":49,"column":4},"end":{"line":50,"column":19}}],"line":36}},"s":{"0":1,"1":1,"2":1,"3":4,"4":1,"5":1,"6":3,"7":1,"8":1,"9":1,"10":1,"11":3,"12":3,"13":3,"14":3,"15":3,"16":1,"17":2,"18":1,"19":1,"20":1},"f":{"0":4,"1":3,"2":3,"3":2},"b":{"0":[2,1],"1":[3,2],"2":[2,1],"3":[3,2],"4":[1,1,1]},"_coverageSchema":"43e27e138ebf9cfc5966b082cf9a028302ed4184","hash":"2669785512a07d3c7c448206eef44151458a6290","contentHash":"3ac6c284133a4508de654cec2b8df6970a55ff2fd683b7bc11c3ed3c8e7f6aa1"},"/home/luke/Documents/vpntrafficanalysis/frontend/src/components/Auth/Login.jsx":{"path":"/home/luke/Documents/vpntrafficanalysis/frontend/src/components/Auth/Login.jsx","statementMap":{"0":{"start":{"line":3,"column":0},"end":{"line":5,"column":3}},"1":{"start":{"line":6,"column":0},"end":{"line":6,"column":25}},"2":{"start":{"line":8,"column":13},"end":{"line":8,"column":54}},"3":{"start":{"line":10,"column":19},"end":{"line":10,"column":42}},"4":{"start":{"line":12,"column":20},"end":{"line":12,"column":81}},"5":{"start":{"line":14,"column":24},"end":{"line":14,"column":90}},"6":{"start":{"line":16,"column":19},"end":{"line":16,"column":80}},"7":{"start":{"line":18,"column":22},"end":{"line":18,"column":81}},"8":{"start":{"line":20,"column":19},"end":{"line":20,"column":56}},"9":{"start":{"line":22,"column":39},"end":{"line":22,"column":93}},"10":{"start":{"line":24,"column":40},"end":{"line":24,"column":470}},"11":{"start":{"line":24,"column":69},"end":{"line":24,"column":80}},"12":{"start":{"line":24,"column":103},"end":{"line":24,"column":105}},"13":{"start":{"line":24,"column":107},"end":{"line":24,"column":431}},"14":{"start":{"line":24,"column":126},"end":{"line":24,"column":429}},"15":{"start":{"line":24,"column":149},"end":{"line":24,"column":427}},"16":{"start":{"line":24,"column":214},"end":{"line":24,"column":319}},"17":{"start":{"line":24,"column":321},"end":{"line":24,"column":425}},"18":{"start":{"line":24,"column":349},"end":{"line":24,"column":390}},"19":{"start":{"line":24,"column":400},"end":{"line":24,"column":423}},"20":{"start":{"line":24,"column":432},"end":{"line":24,"column":453}},"21":{"start":{"line":24,"column":454},"end":{"line":24,"column":468}},"22":{"start":{"line":26,"column":77},"end":{"line":26,"column":175}},"23":{"start":{"line":26,"column":94},"end":{"line":26,"column":107}},"24":{"start":{"line":26,"column":121},"end":{"line":26,"column":131}},"25":{"start":{"line":26,"column":151},"end":{"line":26,"column":165}},"26":{"start":{"line":26,"column":166},"end":{"line":26,"column":173}},"27":{"start":{"line":26,"column":176},"end":{"line":26,"column":263}},"28":{"start":{"line":26,"column":193},"end":{"line":26,"column":208}},"29":{"start":{"line":26,"column":218},"end":{"line":26,"column":261}},"30":{"start":{"line":28,"column":33},"end":{"line":28,"column":387}},"31":{"start":{"line":28,"column":65},"end":{"line":28,"column":69}},"32":{"start":{"line":28,"column":78},"end":{"line":28,"column":87}},"33":{"start":{"line":28,"column":89},"end":{"line":28,"column":384}},"34":{"start":{"line":28,"column":147},"end":{"line":28,"column":167}},"35":{"start":{"line":28,"column":193},"end":{"line":28,"column":264}},"36":{"start":{"line":28,"column":290},"end":{"line":28,"column":360}},"37":{"start":{"line":28,"column":363},"end":{"line":28,"column":380}},"38":{"start":{"line":30,"column":34},"end":{"line":30,"column":117}},"39":{"start":{"line":32,"column":30},"end":{"line":32,"column":106}},"40":{"start":{"line":34,"column":52},"end":{"line":34,"column":54}},"41":{"start":{"line":34,"column":65},"end":{"line":34,"column":69}},"42":{"start":{"line":34,"column":80},"end":{"line":34,"column":85}},"43":{"start":{"line":34,"column":96},"end":{"line":34,"column":105}},"44":{"start":{"line":34,"column":107},"end":{"line":34,"column":394}},"45":{"start":{"line":34,"column":113},"end":{"line":34,"column":256}},"46":{"start":{"line":34,"column":127},"end":{"line":34,"column":149}},"47":{"start":{"line":34,"column":199},"end":{"line":34,"column":219}},"48":{"start":{"line":34,"column":220},"end":{"line":34,"column":254}},"49":{"start":{"line":34,"column":248},"end":{"line":34,"column":254}},"50":{"start":{"line":34,"column":273},"end":{"line":34,"column":283}},"51":{"start":{"line":34,"column":284},"end":{"line":34,"column":293}},"52":{"start":{"line":34,"column":306},"end":{"line":34,"column":392}},"53":{"start":{"line":34,"column":312},"end":{"line":34,"column":360}},"54":{"start":{"line":34,"column":345},"end":{"line":34,"column":360}},"55":{"start":{"line":34,"column":373},"end":{"line":34,"column":390}},"56":{"start":{"line":34,"column":381},"end":{"line":34,"column":390}},"57":{"start":{"line":34,"column":395},"end":{"line":34,"column":407}},"58":{"start":{"line":36,"column":32},"end":{"line":36,"column":67}},"59":{"start":{"line":36,"column":56},"end":{"line":36,"column":67}},"60":{"start":{"line":38,"column":12},"end":{"line":121,"column":1}},"61":{"start":{"line":39,"column":14},"end":{"line":39,"column":44}},"62":{"start":{"line":40,"column":17},"end":{"line":40,"column":47}},"63":{"start":{"line":41,"column":13},"end":{"line":41,"column":62}},"64":{"start":{"line":42,"column":17},"end":{"line":42,"column":61}},"65":{"start":{"line":44,"column":18},"end":{"line":44,"column":42}},"66":{"start":{"line":45,"column":19},"end":{"line":45,"column":47}},"67":{"start":{"line":46,"column":15},"end":{"line":46,"column":28}},"68":{"start":{"line":47,"column":18},"end":{"line":47,"column":31}},"69":{"start":{"line":50,"column":4},"end":{"line":50,"column":48}},"70":{"start":{"line":54,"column":4},"end":{"line":82,"column":8}},"71":{"start":{"line":58,"column":6},"end":{"line":81,"column":18}},"72":{"start":{"line":59,"column":8},"end":{"line":80,"column":9}},"73":{"start":{"line":60,"column":10},"end":{"line":79,"column":11}},"74":{"start":{"line":62,"column":14},"end":{"line":62,"column":33}},"75":{"start":{"line":63,"column":14},"end":{"line":63,"column":32}},"76":{"start":{"line":64,"column":14},"end":{"line":67,"column":17}},"77":{"start":{"line":70,"column":14},"end":{"line":70,"column":37}},"78":{"start":{"line":72,"column":14},"end":{"line":74,"column":15}},"79":{"start":{"line":73,"column":16},"end":{"line":73,"column":34}},"80":{"start":{"line":78,"column":14},"end":{"line":78,"column":37}},"81":{"start":{"line":83,"column":4},"end":{"line":83,"column":48}},"82":{"start":{"line":86,"column":2},"end":{"line":90,"column":3}},"83":{"start":{"line":87,"column":4},"end":{"line":89,"column":7}},"84":{"start":{"line":92,"column":2},"end":{"line":120,"column":19}},"85":{"start":{"line":123,"column":15},"end":{"line":123,"column":20}},"86":{"start":{"line":124,"column":0},"end":{"line":124,"column":27}}},"fnMap":{"0":{"name":"_interopRequireDefault","decl":{"start":{"line":22,"column":9},"end":{"line":22,"column":31}},"loc":{"start":{"line":22,"column":37},"end":{"line":22,"column":95}},"line":22},"1":{"name":"_interopRequireWildcard","decl":{"start":{"line":24,"column":9},"end":{"line":24,"column":32}},"loc":{"start":{"line":24,"column":38},"end":{"line":24,"column":472}},"line":24},"2":{"name":"asyncGeneratorStep","decl":{"start":{"line":26,"column":9},"end":{"line":26,"column":27}},"loc":{"start":{"line":26,"column":75},"end":{"line":26,"column":265}},"line":26},"3":{"name":"_asyncToGenerator","decl":{"start":{"line":28,"column":9},"end":{"line":28,"column":26}},"loc":{"start":{"line":28,"column":31},"end":{"line":28,"column":389}},"line":28},"4":{"name":"(anonymous_4)","decl":{"start":{"line":28,"column":40},"end":{"line":28,"column":41}},"loc":{"start":{"line":28,"column":52},"end":{"line":28,"column":386}},"line":28},"5":{"name":"(anonymous_5)","decl":{"start":{"line":28,"column":108},"end":{"line":28,"column":109}},"loc":{"start":{"line":28,"column":135},"end":{"line":28,"column":382}},"line":28},"6":{"name":"_next","decl":{"start":{"line":28,"column":178},"end":{"line":28,"column":183}},"loc":{"start":{"line":28,"column":191},"end":{"line":28,"column":266}},"line":28},"7":{"name":"_throw","decl":{"start":{"line":28,"column":276},"end":{"line":28,"column":282}},"loc":{"start":{"line":28,"column":288},"end":{"line":28,"column":362}},"line":28},"8":{"name":"_slicedToArray","decl":{"start":{"line":30,"column":9},"end":{"line":30,"column":23}},"loc":{"start":{"line":30,"column":32},"end":{"line":30,"column":119}},"line":30},"9":{"name":"_nonIterableRest","decl":{"start":{"line":32,"column":9},"end":{"line":32,"column":25}},"loc":{"start":{"line":32,"column":28},"end":{"line":32,"column":108}},"line":32},"10":{"name":"_iterableToArrayLimit","decl":{"start":{"line":34,"column":9},"end":{"line":34,"column":30}},"loc":{"start":{"line":34,"column":39},"end":{"line":34,"column":409}},"line":34},"11":{"name":"_arrayWithHoles","decl":{"start":{"line":36,"column":9},"end":{"line":36,"column":24}},"loc":{"start":{"line":36,"column":30},"end":{"line":36,"column":69}},"line":36},"12":{"name":"Login","decl":{"start":{"line":38,"column":21},"end":{"line":38,"column":26}},"loc":{"start":{"line":38,"column":29},"end":{"line":121,"column":1}},"line":38},"13":{"name":"handleSubmit","decl":{"start":{"line":49,"column":11},"end":{"line":49,"column":23}},"loc":{"start":{"line":49,"column":28},"end":{"line":51,"column":3}},"line":49},"14":{"name":"_handleSubmit","decl":{"start":{"line":53,"column":11},"end":{"line":53,"column":24}},"loc":{"start":{"line":53,"column":27},"end":{"line":84,"column":3}},"line":53},"15":{"name":"_callee","decl":{"start":{"line":56,"column":37},"end":{"line":56,"column":44}},"loc":{"start":{"line":56,"column":48},"end":{"line":82,"column":5}},"line":56},"16":{"name":"_callee$","decl":{"start":{"line":58,"column":46},"end":{"line":58,"column":54}},"loc":{"start":{"line":58,"column":65},"end":{"line":81,"column":7}},"line":58}},"branchMap":{"0":{"loc":{"start":{"line":22,"column":46},"end":{"line":22,"column":92}},"type":"cond-expr","locations":[{"start":{"line":22,"column":70},"end":{"line":22,"column":73}},{"start":{"line":22,"column":76},"end":{"line":22,"column":92}}],"line":22},"1":{"loc":{"start":{"line":22,"column":46},"end":{"line":22,"column":67}},"type":"binary-expr","locations":[{"start":{"line":22,"column":46},"end":{"line":22,"column":49}},{"start":{"line":22,"column":53},"end":{"line":22,"column":67}}],"line":22},"2":{"loc":{"start":{"line":24,"column":40},"end":{"line":24,"column":470}},"type":"if","locations":[{"start":{"line":24,"column":40},"end":{"line":24,"column":470}},{"start":{"line":24,"column":40},"end":{"line":24,"column":470}}],"line":24},"3":{"loc":{"start":{"line":24,"column":44},"end":{"line":24,"column":65}},"type":"binary-expr","locations":[{"start":{"line":24,"column":44},"end":{"line":24,"column":47}},{"start":{"line":24,"column":51},"end":{"line":24,"column":65}}],"line":24},"4":{"loc":{"start":{"line":24,"column":107},"end":{"line":24,"column":431}},"type":"if","locations":[{"start":{"line":24,"column":107},"end":{"line":24,"column":431}},{"start":{"line":24,"column":107},"end":{"line":24,"column":431}}],"line":24},"5":{"loc":{"start":{"line":24,"column":149},"end":{"line":24,"column":427}},"type":"if","locations":[{"start":{"line":24,"column":149},"end":{"line":24,"column":427}},{"start":{"line":24,"column":149},"end":{"line":24,"column":427}}],"line":24},"6":{"loc":{"start":{"line":24,"column":214},"end":{"line":24,"column":319}},"type":"cond-expr","locations":[{"start":{"line":24,"column":273},"end":{"line":24,"column":314}},{"start":{"line":24,"column":317},"end":{"line":24,"column":319}}],"line":24},"7":{"loc":{"start":{"line":24,"column":214},"end":{"line":24,"column":270}},"type":"binary-expr","locations":[{"start":{"line":24,"column":214},"end":{"line":24,"column":235}},{"start":{"line":24,"column":239},"end":{"line":24,"column":270}}],"line":24},"8":{"loc":{"start":{"line":24,"column":321},"end":{"line":24,"column":425}},"type":"if","locations":[{"start":{"line":24,"column":321},"end":{"line":24,"column":425}},{"start":{"line":24,"column":321},"end":{"line":24,"column":425}}],"line":24},"9":{"loc":{"start":{"line":24,"column":325},"end":{"line":24,"column":345}},"type":"binary-expr","locations":[{"start":{"line":24,"column":325},"end":{"line":24,"column":333}},{"start":{"line":24,"column":337},"end":{"line":24,"column":345}}],"line":24},"10":{"loc":{"start":{"line":26,"column":176},"end":{"line":26,"column":263}},"type":"if","locations":[{"start":{"line":26,"column":176},"end":{"line":26,"column":263}},{"start":{"line":26,"column":176},"end":{"line":26,"column":263}}],"line":26},"11":{"loc":{"start":{"line":30,"column":41},"end":{"line":30,"column":116}},"type":"binary-expr","locations":[{"start":{"line":30,"column":41},"end":{"line":30,"column":61}},{"start":{"line":30,"column":65},"end":{"line":30,"column":94}},{"start":{"line":30,"column":98},"end":{"line":30,"column":116}}],"line":30},"12":{"loc":{"start":{"line":34,"column":220},"end":{"line":34,"column":254}},"type":"if","locations":[{"start":{"line":34,"column":220},"end":{"line":34,"column":254}},{"start":{"line":34,"column":220},"end":{"line":34,"column":254}}],"line":34},"13":{"loc":{"start":{"line":34,"column":224},"end":{"line":34,"column":246}},"type":"binary-expr","locations":[{"start":{"line":34,"column":224},"end":{"line":34,"column":225}},{"start":{"line":34,"column":229},"end":{"line":34,"column":246}}],"line":34},"14":{"loc":{"start":{"line":34,"column":312},"end":{"line":34,"column":360}},"type":"if","locations":[{"start":{"line":34,"column":312},"end":{"line":34,"column":360}},{"start":{"line":34,"column":312},"end":{"line":34,"column":360}}],"line":34},"15":{"loc":{"start":{"line":34,"column":316},"end":{"line":34,"column":343}},"type":"binary-expr","locations":[{"start":{"line":34,"column":316},"end":{"line":34,"column":319}},{"start":{"line":34,"column":323},"end":{"line":34,"column":343}}],"line":34},"16":{"loc":{"start":{"line":34,"column":373},"end":{"line":34,"column":390}},"type":"if","locations":[{"start":{"line":34,"column":373},"end":{"line":34,"column":390}},{"start":{"line":34,"column":373},"end":{"line":34,"column":390}}],"line":34},"17":{"loc":{"start":{"line":36,"column":32},"end":{"line":36,"column":67}},"type":"if","locations":[{"start":{"line":36,"column":32},"end":{"line":36,"column":67}},{"start":{"line":36,"column":32},"end":{"line":36,"column":67}}],"line":36},"18":{"loc":{"start":{"line":60,"column":10},"end":{"line":79,"column":11}},"type":"switch","locations":[{"start":{"line":61,"column":12},"end":{"line":67,"column":17}},{"start":{"line":69,"column":12},"end":{"line":74,"column":15}},{"start":{"line":76,"column":12},"end":{"line":76,"column":19}},{"start":{"line":77,"column":12},"end":{"line":78,"column":37}}],"line":60},"19":{"loc":{"start":{"line":72,"column":14},"end":{"line":74,"column":15}},"type":"if","locations":[{"start":{"line":72,"column":14},"end":{"line":74,"column":15}},{"start":{"line":72,"column":14},"end":{"line":74,"column":15}}],"line":72},"20":{"loc":{"start":{"line":86,"column":2},"end":{"line":90,"column":3}},"type":"if","locations":[{"start":{"line":86,"column":2},"end":{"line":90,"column":3}},{"start":{"line":86,"column":2},"end":{"line":90,"column":3}}],"line":86}},"s":{"0":1,"1":1,"2":1,"3":1,"4":1,"5":1,"6":1,"7":1,"8":1,"9":4,"10":1,"11":0,
[...]
mn":81}},"6":{"start":{"line":16,"column":39},"end":{"line":16,"column":93}},"7":{"start":{"line":18,"column":40},"end":{"line":18,"column":470}},"8":{"start":{"line":18,"column":69},"end":{"line":18,"column":80}},"9":{"start":{"line":18,"column":103},"end":{"line":18,"column":105}},"10":{"start":{"line":18,"column":107},"end":{"line":18,"column":431}},"11":{"start":{"line":18,"column":126},"end":{"line":18,"column":429}},"12":{"start":{"line":18,"column":149},"end":{"line":18,"column":427}},"13":{"start":{"line":18,"column":214},"end":{"line":18,"column":319}},"14":{"start":{"line":18,"column":321},"end":{"line":18,"column":425}},"15":{"start":{"line":18,"column":349},"end":{"line":18,"column":390}},"16":{"start":{"line":18,"column":400},"end":{"line":18,"column":423}},"17":{"start":{"line":18,"column":432},"end":{"line":18,"column":453}},"18":{"start":{"line":18,"column":454},"end":{"line":18,"column":468}},"19":{"start":{"line":20,"column":34},"end":{"line":20,"column":117}},"20":{"start":{"line":22,"column":30},"end":{"line":22,"column":106}},"21":{"start":{"line":24,"column":52},"end":{"line":24,"column":54}},"22":{"start":{"line":24,"column":65},"end":{"line":24,"column":69}},"23":{"start":{"line":24,"column":80},"end":{"line":24,"column":85}},"24":{"start":{"line":24,"column":96},"end":{"line":24,"column":105}},"25":{"start":{"line":24,"column":107},"end":{"line":24,"column":394}},"26":{"start":{"line":24,"column":113},"end":{"line":24,"column":256}},"27":{"start":{"line":24,"column":127},"end":{"line":24,"column":149}},"28":{"start":{"line":24,"column":199},"end":{"line":24,"column":219}},"29":{"start":{"line":24,"column":220},"end":{"line":24,"column":254}},"30":{"start":{"line":24,"column":248},"end":{"line":24,"column":254}},"31":{"start":{"line":24,"column":273},"end":{"line":24,"column":283}},"32":{"start":{"line":24,"column":284},"end":{"line":24,"column":293}},"33":{"start":{"line":24,"column":306},"end":{"line":24,"column":392}},"34":{"start":{"line":24,"column":312},"end":{"line":24,"column":360}},"35":{"start":{"line":24,"column":345},"end":{"line":24,"column":360}},"36":{"start":{"line":24,"column":373},"end":{"line":24,"column":390}},"37":{"start":{"line":24,"column":381},"end":{"line":24,"column":390}},"38":{"start":{"line":24,"column":395},"end":{"line":24,"column":407}},"39":{"start":{"line":26,"column":32},"end":{"line":26,"column":67}},"40":{"start":{"line":26,"column":56},"end":{"line":26,"column":67}},"41":{"start":{"line":28,"column":15},"end":{"line":114,"column":1}},"42":{"start":{"line":29,"column":18},"end":{"line":29,"column":48}},"43":{"start":{"line":30,"column":17},"end":{"line":30,"column":47}},"44":{"start":{"line":31,"column":14},"end":{"line":31,"column":44}},"45":{"start":{"line":32,"column":17},"end":{"line":32,"column":47}},"46":{"start":{"line":33,"column":18},"end":{"line":33,"column":48}},"47":{"start":{"line":35,"column":18},"end":{"line":35,"column":42}},"48":{"start":{"line":36,"column":19},"end":{"line":36,"column":47}},"49":{"start":{"line":37,"column":15},"end":{"line":37,"column":28}},"50":{"start":{"line":38,"column":18},"end":{"line":38,"column":31}},"51":{"start":{"line":40,"column":21},"end":{"line":59,"column":3}},"52":{"start":{"line":41,"column":4},"end":{"line":41,"column":24}},"53":{"start":{"line":43,"column":4},"end":{"line":58,"column":5}},"54":{"start":{"line":44,"column":6},"end":{"line":46,"column":9}},"55":{"start":{"line":48,"column":6},"end":{"line":57,"column":9}},"56":{"start":{"line":54,"column":8},"end":{"line":54,"column":44}},"57":{"start":{"line":56,"column":8},"end":{"line":56,"column":44}},"58":{"start":{"line":61,"column":2},"end":{"line":113,"column":21}},"59":{"start":{"line":116,"column":15},"end":{"line":116,"column":23}},"60":{"start":{"line":117,"column":0},"end":{"line":117,"column":27}}},"fnMap":{"0":{"name":"_interopRequireDefault","decl":{"start":{"line":16,"column":9},"end":{"line":16,"column":31}},"loc":{"start":{"line":16,"column":37},"end":{"line":16,"column":95}},"line":16},"1":{"name":"_interopRequireWildcard","decl":{"start":{"line":18,"column":9},"end":{"line":18,"column":32}},"loc":{"start":{"line":18,"column":38},"end":{"line":18,"column":472}},"line":18},"2":{"name":"_slicedToArray","decl":{"start":{"line":20,"column":9},"end":{"line":20,"column":23}},"loc":{"start":{"line":20,"column":32},"end":{"line":20,"column":119}},"line":20},"3":{"name":"_nonIterableRest","decl":{"start":{"line":22,"column":9},"end":{"line":22,"column":25}},"loc":{"start":{"line":22,"column":28},"end":{"line":22,"column":108}},"line":22},"4":{"name":"_iterableToArrayLimit","decl":{"start":{"line":24,"column":9},"end":{"line":24,"column":30}},"loc":{"start":{"line":24,"column":39},"end":{"line":24,"column":409}},"line":24},"5":{"name":"_arrayWithHoles","decl":{"start":{"line":26,"column":9},"end":{"line":26,"column":24}},"loc":{"start":{"line":26,"column":30},"end":{"line":26,"column":69}},"line":26},"6":{"name":"Register","decl":{"start":{"line":28,"column":24},"end":{"line":28,"column":32}},"loc":{"start":{"line":28,"column":40},"end":{"line":114,"column":1}},"line":28},"7":{"name":"handleSubmit","decl":{"start":{"line":40,"column":30},"end":{"line":40,"column":42}},"loc":{"start":{"line":40,"column":46},"end":{"line":59,"column":3}},"line":40},"8":{"name":"(anonymous_8)","decl":{"start":{"line":53,"column":14},"end":{"line":53,"column":15}},"loc":{"start":{"line":53,"column":29},"end":{"line":55,"column":7}},"line":53},"9":{"name":"(anonymous_9)","decl":{"start":{"line":55,"column":15},"end":{"line":55,"column":16}},"loc":{"start":{"line":55,"column":30},"end":{"line":57,"column":7}},"line":55}},"branchMap":{"0":{"loc":{"start":{"line":16,"column":46},"end":{"line":16,"column":92}},"type":"cond-expr","locations":[{"start":{"line":16,"column":70},"end":{"line":16,"column":73}},{"start":{"line":16,"column":76},"end":{"line":16,"column":92}}],"line":16},"1":{"loc":{"start":{"line":16,"column":46},"end":{"line":16,"column":67}},"type":"binary-expr","locations":[{"start":{"line":16,"column":46},"end":{"line":16,"column":49}},{"start":{"line":16,"column":53},"end":{"line":16,"column":67}}],"line":16},"2":{"loc":{"start":{"line":18,"column":40},"end":{"line":18,"column":470}},"type":"if","locations":[{"start":{"line":18,"column":40},"end":{"line":18,"column":470}},{"start":{"line":18,"column":40},"end":{"line":18,"column":470}}],"line":18},"3":{"loc":{"start":{"line":18,"column":44},"end":{"line":18,"column":65}},"type":"binary-expr","locations":[{"start":{"line":18,"column":44},"end":{"line":18,"column":47}},{"start":{"line":18,"column":51},"end":{"line":18,"column":65}}],"line":18},"4":{"loc":{"start":{"line":18,"column":107},"end":{"line":18,"column":431}},"type":"if","locations":[{"start":{"line":18,"column":107},"end":{"line":18,"column":431}},{"start":{"line":18,"column":107},"end":{"line":18,"column":431}}],"line":18},"5":{"loc":{"start":{"line":18,"column":149},"end":{"line":18,"column":427}},"type":"if","locations":[{"start":{"line":18,"column":149},"end":{"line":18,"column":427}},{"start":{"line":18,"column":149},"end":{"line":18,"column":427}}],"line":18},"6":{"loc":{"start":{"line":18,"column":214},"end":{"line":18,"column":319}},"type":"cond-expr","locations":[{"start":{"line":18,"column":273},"end":{"line":18,"column":314}},{"start":{"line":18,"column":317},"end":{"line":18,"column":319}}],"line":18},"7":{"loc":{"start":{"line":18,"column":214},"end":{"line":18,"column":270}},"type":"binary-expr","locations":[{"start":{"line":18,"column":214},"end":{"line":18,"column":235}},{"start":{"line":18,"column":239},"end":{"line":18,"column":270}}],"line":18},"8":{"loc":{"start":{"line":18,"column":321},"end":{"line":18,"column":425}},"type":"if","locations":[{"start":{"line":18,"column":321},"end":{"line":18,"column":425}},{"start":{"line":18,"column":321},"end":{"line":18,"column":425}}],"line":18},"9":{"loc":{"start":{"line":18,"column":325},"end":{"line":18,"column":345}},"type":"binary-expr","locations":[{"start":{"line":18,"column":325},"end":{"line":18,"column":333}},{"start":{"line":18,"column":337},"end":{"line":18,"column":345}}],"line":18},"10":{"loc":{"start":{"line":20,"column":41},"end":{"line":20,"column":116}},"type":"binary-expr","locations":[{"start":{"line":20,"column":41},"end":{"line":20,"column":61}},{"start":{"line":20,"column":65},"end":{"line":20,"column":94}},{"start":{"line":20,"column":98},"end":{"line":20,"column":116}}],"line":20},"11":{"loc":{"start":{"line":24,"column":220},"end":{"line":24,"column":254}},"type":"if","locations":[{"start":{"line":24,"column":220},"end":{"line":24,"column":254}},{"start":{"line":24,"column":220},"end":{"line":24,"column":254}}],"line":24},"12":{"loc":{"start":{"line":24,"column":224},"end":{"line":24,"column":246}},"type":"binary-expr","locations":[{"start":{"line":24,"column":224},"end":{"line":24,"column":225}},{"start":{"line":24,"column":229},"end":{"line":24,"column":246}}],"line":24},"13":{"loc":{"start":{"line":24,"column":312},"end":{"line":24,"column":360}},"type":"if","locations":[{"start":{"line":24,"column":312},"end":{"line":24,"column":360}},{"start":{"line":24,"column":312},"end":{"line":24,"column":360}}],"line":24},"14":{"loc":{"start":{"line":24,"column":316},"end":{"line":24,"column":343}},"type":"binary-expr","locations":[{"start":{"line":24,"column":316},"end":{"line":24,"column":319}},{"start":{"line":24,"column":323},"end":{"line":24,"column":343}}],"line":24},"15":{"loc":{"start":{"line":24,"column":373},"end":{"line":24,"column":390}},"type":"if","locations":[{"start":{"line":24,"column":373},"end":{"line":24,"column":390}},{"start":{"line":24,"column":373},"end":{"line":24,"column":390}}],"line":24},"16":{"loc":{"start":{"line":26,"column":32},"end":{"line":26,"column":67}},"type":"if","locations":[{"start":{"line":26,"column":32},"end":{"line":26,"column":67}},{"start":{"line":26,"column":32},"end":{"line":26,"column":67}}],"line":26},"17":{"loc":{"start":{"line":43,"column":4},"end":{"line":58,"column":5}},"type":"if","locations":[{"start":{"line":43,"column":4},"end":{"line":58,"column":5}},{"start":{"line":43,"column":4},"end":{"line":58,"column":5}}],"line":43}},"s":{"0":1,"1":1,"2":1,"3":1,"4":1,"5":1,"6":3,"7":1,"8":0,"9":1,"10":1,"11":1,"12":29,"13":29,"14":29,"15":0,"16":29,"17":1,"18":1,"19":3,"20":0,"21":0,"22":0,"23":0,"24":0,"25":0,"26":0,"27":0,"28":0,"29":0,"30":0,"31":0,"32":0,"33":0,"34":0,"35":0,"36":0,"37":0,"38":0,"39":3,"40":3,"41":1,"42":3,"43":3,"44":3,"45":3,"46":3,"47":3,"48":3,"49":3,"50":3,"51":3,"52":0,"53":0,"54":0,"55":0,"56":0,"57":0,"58":3,"59":1,"60":1},"f":{"0":3,"1":1,"2":3,"3":0,"4":0,"5":3,"6":3,"7":0,"8":0,"9":0},"b":{"0":[2,1],"1":[3,3],"2":[0,1],"3":[1,1],"4":[1,0],"5":[29,0],"6":[29,0],"7":[29,29],"8":[0,29],"9":[29,29],"10":[3,0,0],"11":[0,0],"12":[0,0],"13":[0,0],"14":[0,0],"15":[0,0],"16":[3,0],"17":[0,0]},"_coverageSchema":"43e27e138ebf9cfc5966b082cf9a028302ed4184","hash":"7093c646503c4034efd521cf006e5d6dc38d8b23","contentHash":"559441b292a489861ab1d7d9f38e2022d646dea02e512f595fbe2cb636240934"},"/home/luke/Documents/vpntrafficanalysis/frontend/src/components/reports/Report.jsx":{"path":"/home/luke/Documents/vpntrafficanalysis/frontend/src/components/reports/Report.jsx","statementMap":{"0":{"start":{"line":3,"column":0},"end":{"line":5,"column":3}},"1":{"start":{"line":6,"column":0},"end":{"line":6,"column":25}},"2":{"start":{"line":8,"column":13},"end":{"line":8,"column":53}},"3":{"start":{"line":10,"column":17},"end":{"line":10,"column":62}},"4":{"start":{"line":12,"column":20},"end":{"line":12,"column":79}},"5":{"start":{"line":14,"column":39},"end":{"line":14,"column":93}},"6":{"start":{"line":16,"column":13},"end":{"line":40,"column":1}},"7":{"start":{"line":17,"column":15},"end":{"line":17,"column":26}},"8":{"start":{"line":18,"column":22},"end":{"line":18,"column":40}},"9":{"start":{"line":19,"column":2},"end":{"line":39,"column":80}},"10":{"start":{"line":33,"column":6},"end":{"line":33,"column":39}},"11":{"start":{"line":42,"column":0},"end":{"line":45,"column":2}},"12":{"start":{"line":46,"column":15},"end":{"line":46,"column":21}},"13":{"start":{"line":47,"column":0},"end":{"line":47,"column":27}}},"fnMap":{"0":{"name":"_interopRequireDefault","decl":{"start":{"line":14,"column":9},"end":{"line":14,"column":31}},"loc":{"start":{"line":14,"column":37},"end":{"line":14,"column":95}},"line":14},"1":{"name":"Report","decl":{"start":{"line":16,"column":22},"end":{"line":16,"column":28}},"loc":{"start":{"line":16,"column":35},"end":{"line":40,"column":1}},"line":16},"2":{"name":"onClick","decl":{"start":{"line":32,"column":22},"end":{"line":32,"column":29}},"loc":{"start":{"line":32,"column":32},"end":{"line":34,"column":5}},"line":32}},"branchMap":{"0":{"loc":{"start":{"line":14,"column":46},"end":{"line":14,"column":92}},"type":"cond-expr","locations":[{"start":{"line":14,"column":70},"end":{"line":14,"column":73}},{"start":{"line":14,"column":76},"end":{"line":14,"column":92}}],"line":14},"1":{"loc":{"start":{"line":14,"column":46},"end":{"line":14,"column":67}},"type":"binary-expr","locations":[{"start":{"line":14,"column":46},"end":{"line":14,"column":49}},{"start":{"line":14,"column":53},"end":{"line":14,"column":67}}],"line":14}},"s":{"0":1,"1":1,"2":1,"3":1,"4":1,"5":3,"6":1,"7":6,"8":6,"9":6,"10":0,"11":1,"12":1,"13":1},"f":{"0":3,"1":6,"2":0},"b":{"0":[1,2],"1":[3,3]},"_coverageSchema":"43e27e138ebf9cfc5966b082cf9a028302ed4184","hash":"8caa2133a86c137651cf74bb30f068bd373051cd","contentHash":"a85f61feb06fb5569beff5e22cb018aad987663ec5c0ad0f0f8bb8c478e966b5"},"/home/luke/Documents/vpntrafficanalysis/frontend/src/utils/getBadgeType.js":{"path":"/home/luke/Documents/vpntrafficanalysis/frontend/src/utils/getBadgeType.js","statementMap":{"0":{"start":{"line":3,"column":0},"end":{"line":5,"column":3}},"1":{"start":{"line":6,"column":0},"end":{"line":6,"column":25}},"2":{"start":{"line":8,"column":19},"end":{"line":22,"column":1}},"3":{"start":{"line":9,"column":2},"end":{"line":21,"column":3}},"4":{"start":{"line":11,"column":6},"end":{"line":11,"column":22}},"5":{"start":{"line":14,"column":6},"end":{"line":14,"column":23}},"6":{"start":{"line":17,"column":6},"end":{"line":17,"column":23}},"7":{"start":{"line":20,"column":6},"end":{"line":20,"column":23}},"8":{"start":{"line":24,"column":15},"end":{"line":24,"column":27}},"9":{"start":{"line":25,"column":0},"end":{"line":25,"column":27}}},"fnMap":{"0":{"name":"getBadgeType","decl":{"start":{"line":8,"column":28},"end":{"line":8,"column":40}},"loc":{"start":{"line":8,"column":51},"end":{"line":22,"column":1}},"line":8}},"branchMap":{"0":{"loc":{"start":{"line":9,"column":2},"end":{"line":21,"column":3}},"type":"switch","locations":[{"start":{"line":10,"column":4},"end":{"line":11,"column":22}},{"start":{"line":13,"column":4},"end":{"line":14,"column":23}},{"start":{"line":16,"column":4},"end":{"line":17,"column":23}},{"start":{"line":19,"column":4},"end":{"line":20,"column":23}}],"line":9}},"s":{"0":1,"1":1,"2":1,"3":6,"4":2,"5":1,"6":2,"7":1,"8":1,"9":1},"f":{"0":6},"b":{"0":[2,1,2,1]},"_coverageSchema":"43e27e138ebf9cfc5966b082cf9a028302ed4184","hash":"007302ae5b3adfad37d457601e7aefe71c5798d4","contentHash":"dc0d799e7a804f7c3fbc2049839a624189fafdfb1caf10ef27d565e0f274e77d"},"/home/luke/Documents/vpntrafficanalysis/frontend/src/reducers/reportReducer.js":{"path":"/home/luke/Documents/vpntrafficanalysis/frontend/src/reducers/reportReducer.js","statementMap":{"0":{"start":{"line":3,"column":0},"end":{"line":5,"column":3}},"1":{"start":{"line":6,"column":0},"end":{"line":6,"column":115}},"2":{"start":{"line":7,"column":17},"end":{"line":7,"column":30}},"3":{"start":{"line":8,"column":20},"end":{"line":8,"column":41}},"4":{"start":{"line":9,"column":25},"end":{"line":9,"column":49}},"5":{"start":{"line":11,"column":18},"end":{"line":16,"column":1}},"6":{"start":{"line":12,"column":2},"end":{"line":15,"column":4}},"7":{"start":{"line":18,"column":0},"end":{"line":18,"column":34}},"8":{"start":{"line":20,"column":21},"end":{"line":24,"column":1}},"9":{"start":{"line":21,"column":2},"end":{"line":23,"column":4}},"10":{"start":{"line":26,"column":0},"end":{"line":26,"column":40}},"11":{"start":{"line":28,"column":16},"end":{"line":33,"column":1}},"12":{"start":{"line":29,"column":2},"end":{"line":32,"column":4}},"13":{"start":{"line":35,"column":0},"end":{"line":35,"column":30}},"14":{"start":{"line":36,"column":19},"end":{"line":38,"column":1}},"15":{"start":{"line":39,"column":0},"end":{"line":39,"column":36}},"16":{"start":{"line":41,"column":14},"end":{"line":66,"column":1}},"17":{"start":{"line":42,"column":14},"end":{"line":42,"column":94}},"18":{"start":{"line":43,"column":15},"end":{"line":43,"column":85}},"19":{"start":{"line":45,"column":2},"end":{"line":65,"column":3}},"20":{"start":{"line":47,"column":6},"end":{"line":51,"column":9}},"21":{"start":{"line":49,"column":10},"end":{"line":49,"column":47}},"22":{"start":{"line":54,"column":6},"end":{"line":56,"column":8}},"23":{"start":{"line":59,"column":6},"end":{"line":61,"column":9}},"24":{"start":{"line":64,"column":6},"end":{"line":64,"column":19}},"25":{"start":{"line":68,"column":0},"end":{"line":68,"column":26}}},"fnMap":{"0":{"name":"deleteClick","decl":{"start":{"line":11,"column":27},"end":{"line":11,"column":38}},"loc":{"start":{"line":11,"column":43},"end":{"line":16,"column":1}},"line":11},"1":{"name":"deleteAllClick","decl":{"start":{"line":20,"column":30},"end":{"line":20,"column":44}},"loc":{"start":{"line":20,"column":47},"end":{"line":24,"column":1}},"line":20},"2":{"name":"addReport","decl":{"start":{"line":28,"column":25},"end":{"line":28,"column":34}},"loc":{"start":{"line":28,"column":44},"end":{"line":33,"column":1}},"line":28},"3":{"name":"reducer","decl":{"start":{"line":41,"column":23},"end":{"line":41,"column":30}},"loc":{"start":{"line":41,"column":33},"end":{"line":66,"column":1}},"line":41},"4":{"name":"(anonymous_4)","decl":{"start":{"line":48,"column":38},"end":{"line":48,"column":39}},"loc":{"start":{"line":48,"column":56},"end":{"line":50,"column":9}},"line":48}},"branchMap":{"0":{"loc":{"start":{"line":42,"column":14},"end":{"line":42,"column":94}},"type":"cond-expr","locations":[{"start":{"line":42,"column":67},"end":{"line":42,"column":79}},{"start":{"line":42,"column":82},"end":{"line":42,"column":94}}],"line":42},"1":{"loc":{"start":{"line":42,"column":14},"end":{"line":42,"column":64}},"type":"binary-expr","locations":[{"start":{"line":42,"column":14},"end":{"line":42,"column":34}},{"start":{"line":42,"column":38},"end":{"line":42,"column":64}}],"line":42},"2":{"loc":{"start":{"line":43,"column":15},"end":{"line":43,"column":85}},"type":"cond-expr","locations":[{"start":{"line":43,"column":68},"end":{"line":43,"column":80}},{"start":{"line":43,"column":83},"end":{"line":43,"column":85}}],"line":43},"3":{"loc":{"start":{"line":43,"column":15},"end":{"line":43,"column":65}},"type":"binary-expr","locations":[{"start":{"line":43,"column":15},"end":{"line":43,"column":35}},{"start":{"line":43,"column":39},"end":{"line":43,"column":65}}],"line":43},"4":{"loc":{"start":{"line":45,"column":2},"end":{"line":65,"column":3}},"type":"switch","locations":[{"start":{"line":46,"column":4},"end":{"line":51,"column":9}},{"start":{"line":53,"column":4},"end":{"line":56,"column":8}},{"start":{"line":58,"column":4},"end":{"line":61,"column":9}},{"start":{"line":63,"column":4},"end":{"line":64,"column":19}}],"line":45}},"s":{"0":1,"1":1,"2":1,"3":1,"4":1,"5":1,"6":1,"7":1,"8":1,"9":1,"10":1,"11":1,"12":1,"13":1,"14":1,"15":1,"16":1,"17":4,"18":4,"19":4,"20":1,"21":3,"22":1,"23":1,"24":1,"25":1},"f":{"0":1,"1":1,"2":1,"3":4,"4":3},"b":{"0":[3,1],"1":[4,3],"2":[3,1],"3":[4,3],"4":[1,1,1,1]},"_coverageSchema":"43e27e138ebf9cfc5966b082cf9a028302ed4184","hash":"ca8e532cdb2c639f2569c661eb40b4348bf24cb7","contentHash":"868fcdef78932211ae32e9ed786ffa6a90d25a071920529c19db3fe70e076e86"}}